2017-12-29 10:08:01 [127.0.0.1][2][-][error][yii\web\HttpException:401] exception 'yii\web\UnauthorizedHttpException' with message '对不起，您现在还没获此操作的权限' in E:\phpStudy\WWW\demo\backend\controllers\BackendBaseController.php:71
Stack trace:
#0 E:\phpStudy\WWW\demo\vendor\yiisoft\yii2\base\Controller.php(149): backend\controllers\BackendBaseController->beforeAction(Object(yii\base\InlineAction))
#1 E:\phpStudy\WWW\demo\vendor\yiisoft\yii2\base\Module.php(455): yii\base\Controller->runAction('index', Array)
#2 E:\phpStudy\WWW\demo\vendor\yiisoft\yii2\web\Application.php(84): yii\base\Module->runAction('user/user/index', Array)
#3 E:\phpStudy\WWW\demo\vendor\yiisoft\yii2\base\Application.php(375): yii\web\Application->handleRequest(Object(yii\web\Request))
#4 E:\phpStudy\WWW\demo\index.php(21): yii\base\Application->run()
#5 {main}
2017-12-29 10:08:01 [127.0.0.1][2][-][info][application] $_GET = [
    'r' => 'user/user/index'
]

$_COOKIE = [
    '_csrf' => '53850a15d06964edace707fc9d68743267c2e0e18dd392aeef6a729c1ac6b5b0a:2:{i:0;s:5:\"_csrf\";i:1;s:32:\"HWZ-jw7RDuPwaosksgRg-NpoIwbUqTb8\";}'
    'PHPSESSID' => 'q3calb3rtud5i6ti322lfeh4c2'
    '_identity' => '3f7d0a89583913370af3d6406588c85ffafec6500647d37063de154a4cdf087ea:2:{i:0;s:9:\"_identity\";i:1;s:46:\"[2,\"ySzxFhyeRhWu02gZNKn39rCb3jQPFJmX\",2592000]\";}'
]

$_SESSION = [
    '__flash' => []
    '__captcha/site/captchacount' => 2
    '__id' => 2
]

$_SERVER = [
    'ALLUSERSPROFILE' => 'C:\\ProgramData'
    'APPDATA' => 'C:\\Users\\369\\AppData\\Roaming'
    'CommonProgramFiles' => 'C:\\Program Files (x86)\\Common Files'
    'CommonProgramFiles(x86)' => 'C:\\Program Files (x86)\\Common Files'
    'CommonProgramW6432' => 'C:\\Program Files\\Common Files'
    'COMPUTERNAME' => '6066-PC'
    'ComSpec' => 'C:\\Windows\\system32\\cmd.exe'
    'FP_NO_HOST_CHECK' => 'NO'
    'HOMEDRIVE' => 'C:'
    'HOMEPATH' => '\\Users\\369'
    'LOCALAPPDATA' => 'C:\\Users\\369\\AppData\\Local'
    'LOGONSERVER' => '\\\\6066-PC'
    'NUMBER_OF_PROCESSORS' => '4'
    'OS' => 'Windows_NT'
    'Path' => 'C:\\Program Files (x86)\\Intel\\iCLS Client\\;C:\\Program Files\\Intel\\iCLS Client\\;C:\\Windows\\system32;C:\\Windows;C:\\Windows\\System32\\Wbem;C:\\Windows\\System32\\WindowsPowerShell\\v1.0\\;C:\\Program Files\\Intel\\Intel(R) Management Engine Components\\DAL;C:\\Program Files\\Intel\\Intel(R) Management Engine Components\\IPT;C:\\Program Files (x86)\\Intel\\Intel(R) Management Engine Components\\DAL;C:\\Program Files (x86)\\Intel\\Intel(R) Management Engine Components\\IPT;D:\\Program Files\\TortoiseSVN\\bin;E:\\phpStudy\\php\\php-5.6.27-nts;C:\\ProgramData\\ComposerSetup\\bin;D:\\Program Files (x86)\\JetBrains\\PhpStorm 2016.3.2\\bin;C:\\Program Files\\VanDyke Software\\Clients\\;C:\\Users\\369\\AppData\\Roaming\\Composer\\vendor\\bin'
    'PATHEXT' => '.COM;.EXE;.BAT;.CMD;.VBS;.VBE;.JS;.JSE;.WSF;.WSH;.MSC'
    'PROCESSOR_ARCHITECTURE' => 'x86'
    'PROCESSOR_ARCHITEW6432' => 'AMD64'
    'PROCESSOR_IDENTIFIER' => 'Intel64 Family 6 Model 60 Stepping 3, GenuineIntel'
    'PROCESSOR_LEVEL' => '6'
    'PROCESSOR_REVISION' => '3c03'
    'ProgramData' => 'C:\\ProgramData'
    'ProgramFiles' => 'C:\\Program Files (x86)'
    'ProgramFiles(x86)' => 'C:\\Program Files (x86)'
    'ProgramW6432' => 'C:\\Program Files'
    'PSModulePath' => 'C:\\Windows\\system32\\WindowsPowerShell\\v1.0\\Modules\\'
    'PUBLIC' => 'C:\\Users\\Public'
    'SESSIONNAME' => 'Console'
    'SystemDrive' => 'C:'
    'SystemRoot' => 'C:\\Windows'
    'TEMP' => 'C:\\Users\\369\\AppData\\Local\\Temp'
    'TMP' => 'C:\\Users\\369\\AppData\\Local\\Temp'
    'USERDOMAIN' => '6066-PC'
    'USERNAME' => '369'
    'USERPROFILE' => 'C:\\Users\\369'
    'windir' => 'C:\\Windows'
    'windows_tracing_flags' => '3'
    'windows_tracing_logfile' => 'C:\\BVTBin\\Tests\\installpackage\\csilogfile.log'
    'HTTP_COOKIE' => '_csrf=53850a15d06964edace707fc9d68743267c2e0e18dd392aeef6a729c1ac6b5b0a%3A2%3A%7Bi%3A0%3Bs%3A5%3A%22_csrf%22%3Bi%3A1%3Bs%3A32%3A%22HWZ-jw7RDuPwaosksgRg-NpoIwbUqTb8%22%3B%7D; PHPSESSID=q3calb3rtud5i6ti322lfeh4c2; _identity=3f7d0a89583913370af3d6406588c85ffafec6500647d37063de154a4cdf087ea%3A2%3A%7Bi%3A0%3Bs%3A9%3A%22_identity%22%3Bi%3A1%3Bs%3A46%3A%22%5B2%2C%22ySzxFhyeRhWu02gZNKn39rCb3jQPFJmX%22%2C2592000%5D%22%3B%7D'
    'HTTP_ACCEPT_LANGUAGE' => 'zh-CN,zh;q=0.8'
    'HTTP_ACCEPT_ENCODING' => 'gzip, deflate, sdch'
    'HTTP_REFERER' => 'http://demoyii.cc/index.php?r=site%2Findex'
    'HTTP_ACCEPT' => 'text/html,application/xhtml+xml,application/xml;q=0.9,image/webp,*/*;q=0.8'
    'HTTP_USER_AGENT' => 'Mozilla/5.0 (Windows NT 6.1; WOW64) AppleWebKit/537.36 (KHTML, like Gecko) Chrome/57.0.2987.133 Safari/537.36'
    'HTTP_UPGRADE_INSECURE_REQUESTS' => '1'
    'HTTP_CONNECTION' => 'keep-alive'
    'HTTP_HOST' => 'demoyii.cc'
    'REDIRECT_STATUS' => '200'
    'SERVER_NAME' => 'demoyii.cc'
    'SERVER_PORT' => '80'
    'SERVER_ADDR' => '127.0.0.1'
    'REMOTE_PORT' => '52133'
    'REMOTE_ADDR' => '127.0.0.1'
    'SERVER_SOFTWARE' => 'nginx/1.11.5'
    'GATEWAY_INTERFACE' => 'CGI/1.1'
    'SERVER_PROTOCOL' => 'HTTP/1.1'
    'DOCUMENT_ROOT' => 'E:/phpStudy/WWW/demo'
    'DOCUMENT_URI' => '/index.php'
    'REQUEST_URI' => '/index.php?r=user%2Fuser%2Findex'
    'SCRIPT_NAME' => '/index.php'
    'CONTENT_LENGTH' => ''
    'CONTENT_TYPE' => ''
    'REQUEST_METHOD' => 'GET'
    'QUERY_STRING' => 'r=user%2Fuser%2Findex'
    'SCRIPT_FILENAME' => 'E:/phpStudy/WWW/demo/index.php'
    'FCGI_ROLE' => 'RESPONDER'
    'PHP_SELF' => '/index.php'
    'REQUEST_TIME_FLOAT' => 1514513281.7019
    'REQUEST_TIME' => 1514513281
]
2017-12-29 10:08:01 [127.0.0.1][2][q3calb3rtud5i6ti322lfeh4c2][warning][yii\log\Dispatcher::dispatch] Unable to send log via yii\debug\LogTarget: Error: You cannot serialize or unserialize PDO instances
2017-12-29 10:08:01 [127.0.0.1][2][q3calb3rtud5i6ti322lfeh4c2][info][application] $_GET = [
    'r' => 'user/user/index'
]

$_COOKIE = [
    '_csrf' => '53850a15d06964edace707fc9d68743267c2e0e18dd392aeef6a729c1ac6b5b0a:2:{i:0;s:5:\"_csrf\";i:1;s:32:\"HWZ-jw7RDuPwaosksgRg-NpoIwbUqTb8\";}'
    'PHPSESSID' => 'q3calb3rtud5i6ti322lfeh4c2'
    '_identity' => '3f7d0a89583913370af3d6406588c85ffafec6500647d37063de154a4cdf087ea:2:{i:0;s:9:\"_identity\";i:1;s:46:\"[2,\"ySzxFhyeRhWu02gZNKn39rCb3jQPFJmX\",2592000]\";}'
]

$_SESSION = [
    '__flash' => []
    '__captcha/site/captchacount' => 2
    '__id' => 2
]

$_SERVER = [
    'ALLUSERSPROFILE' => 'C:\\ProgramData'
    'APPDATA' => 'C:\\Users\\369\\AppData\\Roaming'
    'CommonProgramFiles' => 'C:\\Program Files (x86)\\Common Files'
    'CommonProgramFiles(x86)' => 'C:\\Program Files (x86)\\Common Files'
    'CommonProgramW6432' => 'C:\\Program Files\\Common Files'
    'COMPUTERNAME' => '6066-PC'
    'ComSpec' => 'C:\\Windows\\system32\\cmd.exe'
    'FP_NO_HOST_CHECK' => 'NO'
    'HOMEDRIVE' => 'C:'
    'HOMEPATH' => '\\Users\\369'
    'LOCALAPPDATA' => 'C:\\Users\\369\\AppData\\Local'
    'LOGONSERVER' => '\\\\6066-PC'
    'NUMBER_OF_PROCESSORS' => '4'
    'OS' => 'Windows_NT'
    'Path' => 'C:\\Program Files (x86)\\Intel\\iCLS Client\\;C:\\Program Files\\Intel\\iCLS Client\\;C:\\Windows\\system32;C:\\Windows;C:\\Windows\\System32\\Wbem;C:\\Windows\\System32\\WindowsPowerShell\\v1.0\\;C:\\Program Files\\Intel\\Intel(R) Management Engine Components\\DAL;C:\\Program Files\\Intel\\Intel(R) Management Engine Components\\IPT;C:\\Program Files (x86)\\Intel\\Intel(R) Management Engine Components\\DAL;C:\\Program Files (x86)\\Intel\\Intel(R) Management Engine Components\\IPT;D:\\Program Files\\TortoiseSVN\\bin;E:\\phpStudy\\php\\php-5.6.27-nts;C:\\ProgramData\\ComposerSetup\\bin;D:\\Program Files (x86)\\JetBrains\\PhpStorm 2016.3.2\\bin;C:\\Program Files\\VanDyke Software\\Clients\\;C:\\Users\\369\\AppData\\Roaming\\Composer\\vendor\\bin'
    'PATHEXT' => '.COM;.EXE;.BAT;.CMD;.VBS;.VBE;.JS;.JSE;.WSF;.WSH;.MSC'
    'PROCESSOR_ARCHITECTURE' => 'x86'
    'PROCESSOR_ARCHITEW6432' => 'AMD64'
    'PROCESSOR_IDENTIFIER' => 'Intel64 Family 6 Model 60 Stepping 3, GenuineIntel'
    'PROCESSOR_LEVEL' => '6'
    'PROCESSOR_REVISION' => '3c03'
    'ProgramData' => 'C:\\ProgramData'
    'ProgramFiles' => 'C:\\Program Files (x86)'
    'ProgramFiles(x86)' => 'C:\\Program Files (x86)'
    'ProgramW6432' => 'C:\\Program Files'
    'PSModulePath' => 'C:\\Windows\\system32\\WindowsPowerShell\\v1.0\\Modules\\'
    'PUBLIC' => 'C:\\Users\\Public'
    'SESSIONNAME' => 'Console'
    'SystemDrive' => 'C:'
    'SystemRoot' => 'C:\\Windows'
    'TEMP' => 'C:\\Users\\369\\AppData\\Local\\Temp'
    'TMP' => 'C:\\Users\\369\\AppData\\Local\\Temp'
    'USERDOMAIN' => '6066-PC'
    'USERNAME' => '369'
    'USERPROFILE' => 'C:\\Users\\369'
    'windir' => 'C:\\Windows'
    'windows_tracing_flags' => '3'
    'windows_tracing_logfile' => 'C:\\BVTBin\\Tests\\installpackage\\csilogfile.log'
    'HTTP_COOKIE' => '_csrf=53850a15d06964edace707fc9d68743267c2e0e18dd392aeef6a729c1ac6b5b0a%3A2%3A%7Bi%3A0%3Bs%3A5%3A%22_csrf%22%3Bi%3A1%3Bs%3A32%3A%22HWZ-jw7RDuPwaosksgRg-NpoIwbUqTb8%22%3B%7D; PHPSESSID=q3calb3rtud5i6ti322lfeh4c2; _identity=3f7d0a89583913370af3d6406588c85ffafec6500647d37063de154a4cdf087ea%3A2%3A%7Bi%3A0%3Bs%3A9%3A%22_identity%22%3Bi%3A1%3Bs%3A46%3A%22%5B2%2C%22ySzxFhyeRhWu02gZNKn39rCb3jQPFJmX%22%2C2592000%5D%22%3B%7D'
    'HTTP_ACCEPT_LANGUAGE' => 'zh-CN,zh;q=0.8'
    'HTTP_ACCEPT_ENCODING' => 'gzip, deflate, sdch'
    'HTTP_REFERER' => 'http://demoyii.cc/index.php?r=site%2Findex'
    'HTTP_ACCEPT' => 'text/html,application/xhtml+xml,application/xml;q=0.9,image/webp,*/*;q=0.8'
    'HTTP_USER_AGENT' => 'Mozilla/5.0 (Windows NT 6.1; WOW64) AppleWebKit/537.36 (KHTML, like Gecko) Chrome/57.0.2987.133 Safari/537.36'
    'HTTP_UPGRADE_INSECURE_REQUESTS' => '1'
    'HTTP_CONNECTION' => 'keep-alive'
    'HTTP_HOST' => 'demoyii.cc'
    'REDIRECT_STATUS' => '200'
    'SERVER_NAME' => 'demoyii.cc'
    'SERVER_PORT' => '80'
    'SERVER_ADDR' => '127.0.0.1'
    'REMOTE_PORT' => '52133'
    'REMOTE_ADDR' => '127.0.0.1'
    'SERVER_SOFTWARE' => 'nginx/1.11.5'
    'GATEWAY_INTERFACE' => 'CGI/1.1'
    'SERVER_PROTOCOL' => 'HTTP/1.1'
    'DOCUMENT_ROOT' => 'E:/phpStudy/WWW/demo'
    'DOCUMENT_URI' => '/index.php'
    'REQUEST_URI' => '/index.php?r=user%2Fuser%2Findex'
    'SCRIPT_NAME' => '/index.php'
    'CONTENT_LENGTH' => ''
    'CONTENT_TYPE' => ''
    'REQUEST_METHOD' => 'GET'
    'QUERY_STRING' => 'r=user%2Fuser%2Findex'
    'SCRIPT_FILENAME' => 'E:/phpStudy/WWW/demo/index.php'
    'FCGI_ROLE' => 'RESPONDER'
    'PHP_SELF' => '/index.php'
    'REQUEST_TIME_FLOAT' => 1514513281.7019
    'REQUEST_TIME' => 1514513281
]
2017-12-29 10:08:13 [127.0.0.1][2][-][error][yii\web\HttpException:401] exception 'yii\web\UnauthorizedHttpException' with message '对不起，您现在还没获此操作的权限' in E:\phpStudy\WWW\demo\backend\controllers\BackendBaseController.php:71
Stack trace:
#0 E:\phpStudy\WWW\demo\vendor\yiisoft\yii2\base\Controller.php(149): backend\controllers\BackendBaseController->beforeAction(Object(yii\base\InlineAction))
#1 E:\phpStudy\WWW\demo\vendor\yiisoft\yii2\base\Module.php(455): yii\base\Controller->runAction('update', Array)
#2 E:\phpStudy\WWW\demo\vendor\yiisoft\yii2\web\Application.php(84): yii\base\Module->runAction('user/role/updat...', Array)
#3 E:\phpStudy\WWW\demo\vendor\yiisoft\yii2\base\Application.php(375): yii\web\Application->handleRequest(Object(yii\web\Request))
#4 E:\phpStudy\WWW\demo\index.php(21): yii\base\Application->run()
#5 {main}
2017-12-29 10:08:13 [127.0.0.1][2][-][info][application] $_GET = [
    'r' => 'user/role/update'
    'id' => 'admin'
]

$_COOKIE = [
    '_csrf' => '53850a15d06964edace707fc9d68743267c2e0e18dd392aeef6a729c1ac6b5b0a:2:{i:0;s:5:\"_csrf\";i:1;s:32:\"HWZ-jw7RDuPwaosksgRg-NpoIwbUqTb8\";}'
    'PHPSESSID' => 'q3calb3rtud5i6ti322lfeh4c2'
    '_identity' => '3f7d0a89583913370af3d6406588c85ffafec6500647d37063de154a4cdf087ea:2:{i:0;s:9:\"_identity\";i:1;s:46:\"[2,\"ySzxFhyeRhWu02gZNKn39rCb3jQPFJmX\",2592000]\";}'
]

$_SESSION = [
    '__flash' => []
    '__captcha/site/captchacount' => 2
    '__id' => 2
]

$_SERVER = [
    'ALLUSERSPROFILE' => 'C:\\ProgramData'
    'APPDATA' => 'C:\\Users\\369\\AppData\\Roaming'
    'CommonProgramFiles' => 'C:\\Program Files (x86)\\Common Files'
    'CommonProgramFiles(x86)' => 'C:\\Program Files (x86)\\Common Files'
    'CommonProgramW6432' => 'C:\\Program Files\\Common Files'
    'COMPUTERNAME' => '6066-PC'
    'ComSpec' => 'C:\\Windows\\system32\\cmd.exe'
    'FP_NO_HOST_CHECK' => 'NO'
    'HOMEDRIVE' => 'C:'
    'HOMEPATH' => '\\Users\\369'
    'LOCALAPPDATA' => 'C:\\Users\\369\\AppData\\Local'
    'LOGONSERVER' => '\\\\6066-PC'
    'NUMBER_OF_PROCESSORS' => '4'
    'OS' => 'Windows_NT'
    'Path' => 'C:\\Program Files (x86)\\Intel\\iCLS Client\\;C:\\Program Files\\Intel\\iCLS Client\\;C:\\Windows\\system32;C:\\Windows;C:\\Windows\\System32\\Wbem;C:\\Windows\\System32\\WindowsPowerShell\\v1.0\\;C:\\Program Files\\Intel\\Intel(R) Management Engine Components\\DAL;C:\\Program Files\\Intel\\Intel(R) Management Engine Components\\IPT;C:\\Program Files (x86)\\Intel\\Intel(R) Management Engine Components\\DAL;C:\\Program Files (x86)\\Intel\\Intel(R) Management Engine Components\\IPT;D:\\Program Files\\TortoiseSVN\\bin;E:\\phpStudy\\php\\php-5.6.27-nts;C:\\ProgramData\\ComposerSetup\\bin;D:\\Program Files (x86)\\JetBrains\\PhpStorm 2016.3.2\\bin;C:\\Program Files\\VanDyke Software\\Clients\\;C:\\Users\\369\\AppData\\Roaming\\Composer\\vendor\\bin'
    'PATHEXT' => '.COM;.EXE;.BAT;.CMD;.VBS;.VBE;.JS;.JSE;.WSF;.WSH;.MSC'
    'PROCESSOR_ARCHITECTURE' => 'x86'
    'PROCESSOR_ARCHITEW6432' => 'AMD64'
    'PROCESSOR_IDENTIFIER' => 'Intel64 Family 6 Model 60 Stepping 3, GenuineIntel'
    'PROCESSOR_LEVEL' => '6'
    'PROCESSOR_REVISION' => '3c03'
    'ProgramData' => 'C:\\ProgramData'
    'ProgramFiles' => 'C:\\Program Files (x86)'
    'ProgramFiles(x86)' => 'C:\\Program Files (x86)'
    'ProgramW6432' => 'C:\\Program Files'
    'PSModulePath' => 'C:\\Windows\\system32\\WindowsPowerShell\\v1.0\\Modules\\'
    'PUBLIC' => 'C:\\Users\\Public'
    'SESSIONNAME' => 'Console'
    'SystemDrive' => 'C:'
    'SystemRoot' => 'C:\\Windows'
    'TEMP' => 'C:\\Users\\369\\AppData\\Local\\Temp'
    'TMP' => 'C:\\Users\\369\\AppData\\Local\\Temp'
    'USERDOMAIN' => '6066-PC'
    'USERNAME' => '369'
    'USERPROFILE' => 'C:\\Users\\369'
    'windir' => 'C:\\Windows'
    'windows_tracing_flags' => '3'
    'windows_tracing_logfile' => 'C:\\BVTBin\\Tests\\installpackage\\csilogfile.log'
    'HTTP_COOKIE' => '_csrf=53850a15d06964edace707fc9d68743267c2e0e18dd392aeef6a729c1ac6b5b0a%3A2%3A%7Bi%3A0%3Bs%3A5%3A%22_csrf%22%3Bi%3A1%3Bs%3A32%3A%22HWZ-jw7RDuPwaosksgRg-NpoIwbUqTb8%22%3B%7D; PHPSESSID=q3calb3rtud5i6ti322lfeh4c2; _identity=3f7d0a89583913370af3d6406588c85ffafec6500647d37063de154a4cdf087ea%3A2%3A%7Bi%3A0%3Bs%3A9%3A%22_identity%22%3Bi%3A1%3Bs%3A46%3A%22%5B2%2C%22ySzxFhyeRhWu02gZNKn39rCb3jQPFJmX%22%2C2592000%5D%22%3B%7D'
    'HTTP_ACCEPT_LANGUAGE' => 'zh-CN,zh;q=0.8'
    'HTTP_ACCEPT_ENCODING' => 'gzip, deflate, sdch'
    'HTTP_REFERER' => 'http://demoyii.cc/index.php?r=user%2Frole%2Findex'
    'HTTP_ACCEPT' => 'text/html,application/xhtml+xml,application/xml;q=0.9,image/webp,*/*;q=0.8'
    'HTTP_USER_AGENT' => 'Mozilla/5.0 (Windows NT 6.1; WOW64) AppleWebKit/537.36 (KHTML, like Gecko) Chrome/57.0.2987.133 Safari/537.36'
    'HTTP_UPGRADE_INSECURE_REQUESTS' => '1'
    'HTTP_CONNECTION' => 'keep-alive'
    'HTTP_HOST' => 'demoyii.cc'
    'REDIRECT_STATUS' => '200'
    'SERVER_NAME' => 'demoyii.cc'
    'SERVER_PORT' => '80'
    'SERVER_ADDR' => '127.0.0.1'
    'REMOTE_PORT' => '51990'
    'REMOTE_ADDR' => '127.0.0.1'
    'SERVER_SOFTWARE' => 'nginx/1.11.5'
    'GATEWAY_INTERFACE' => 'CGI/1.1'
    'SERVER_PROTOCOL' => 'HTTP/1.1'
    'DOCUMENT_ROOT' => 'E:/phpStudy/WWW/demo'
    'DOCUMENT_URI' => '/index.php'
    'REQUEST_URI' => '/index.php?r=user%2Frole%2Fupdate&id=admin'
    'SCRIPT_NAME' => '/index.php'
    'CONTENT_LENGTH' => ''
    'CONTENT_TYPE' => ''
    'REQUEST_METHOD' => 'GET'
    'QUERY_STRING' => 'r=user%2Frole%2Fupdate&id=admin'
    'SCRIPT_FILENAME' => 'E:/phpStudy/WWW/demo/index.php'
    'FCGI_ROLE' => 'RESPONDER'
    'PHP_SELF' => '/index.php'
    'REQUEST_TIME_FLOAT' => 1514513293.2246
    'REQUEST_TIME' => 1514513293
]
2017-12-29 10:08:13 [127.0.0.1][2][q3calb3rtud5i6ti322lfeh4c2][warning][yii\log\Dispatcher::dispatch] Unable to send log via yii\debug\LogTarget: Error: You cannot serialize or unserialize PDO instances
2017-12-29 10:08:13 [127.0.0.1][2][q3calb3rtud5i6ti322lfeh4c2][info][application] $_GET = [
    'r' => 'user/role/update'
    'id' => 'admin'
]

$_COOKIE = [
    '_csrf' => '53850a15d06964edace707fc9d68743267c2e0e18dd392aeef6a729c1ac6b5b0a:2:{i:0;s:5:\"_csrf\";i:1;s:32:\"HWZ-jw7RDuPwaosksgRg-NpoIwbUqTb8\";}'
    'PHPSESSID' => 'q3calb3rtud5i6ti322lfeh4c2'
    '_identity' => '3f7d0a89583913370af3d6406588c85ffafec6500647d37063de154a4cdf087ea:2:{i:0;s:9:\"_identity\";i:1;s:46:\"[2,\"ySzxFhyeRhWu02gZNKn39rCb3jQPFJmX\",2592000]\";}'
]

$_SESSION = [
    '__flash' => []
    '__captcha/site/captchacount' => 2
    '__id' => 2
]

$_SERVER = [
    'ALLUSERSPROFILE' => 'C:\\ProgramData'
    'APPDATA' => 'C:\\Users\\369\\AppData\\Roaming'
    'CommonProgramFiles' => 'C:\\Program Files (x86)\\Common Files'
    'CommonProgramFiles(x86)' => 'C:\\Program Files (x86)\\Common Files'
    'CommonProgramW6432' => 'C:\\Program Files\\Common Files'
    'COMPUTERNAME' => '6066-PC'
    'ComSpec' => 'C:\\Windows\\system32\\cmd.exe'
    'FP_NO_HOST_CHECK' => 'NO'
    'HOMEDRIVE' => 'C:'
    'HOMEPATH' => '\\Users\\369'
    'LOCALAPPDATA' => 'C:\\Users\\369\\AppData\\Local'
    'LOGONSERVER' => '\\\\6066-PC'
    'NUMBER_OF_PROCESSORS' => '4'
    'OS' => 'Windows_NT'
    'Path' => 'C:\\Program Files (x86)\\Intel\\iCLS Client\\;C:\\Program Files\\Intel\\iCLS Client\\;C:\\Windows\\system32;C:\\Windows;C:\\Windows\\System32\\Wbem;C:\\Windows\\System32\\WindowsPowerShell\\v1.0\\;C:\\Program Files\\Intel\\Intel(R) Management Engine Components\\DAL;C:\\Program Files\\Intel\\Intel(R) Management Engine Components\\IPT;C:\\Program Files (x86)\\Intel\\Intel(R) Management Engine Components\\DAL;C:\\Program Files (x86)\\Intel\\Intel(R) Management Engine Components\\IPT;D:\\Program Files\\TortoiseSVN\\bin;E:\\phpStudy\\php\\php-5.6.27-nts;C:\\ProgramData\\ComposerSetup\\bin;D:\\Program Files (x86)\\JetBrains\\PhpStorm 2016.3.2\\bin;C:\\Program Files\\VanDyke Software\\Clients\\;C:\\Users\\369\\AppData\\Roaming\\Composer\\vendor\\bin'
    'PATHEXT' => '.COM;.EXE;.BAT;.CMD;.VBS;.VBE;.JS;.JSE;.WSF;.WSH;.MSC'
    'PROCESSOR_ARCHITECTURE' => 'x86'
    'PROCESSOR_ARCHITEW6432' => 'AMD64'
    'PROCESSOR_IDENTIFIER' => 'Intel64 Family 6 Model 60 Stepping 3, GenuineIntel'
    'PROCESSOR_LEVEL' => '6'
    'PROCESSOR_REVISION' => '3c03'
    'ProgramData' => 'C:\\ProgramData'
    'ProgramFiles' => 'C:\\Program Files (x86)'
    'ProgramFiles(x86)' => 'C:\\Program Files (x86)'
    'ProgramW6432' => 'C:\\Program Files'
    'PSModulePath' => 'C:\\Windows\\system32\\WindowsPowerShell\\v1.0\\Modules\\'
    'PUBLIC' => 'C:\\Users\\Public'
    'SESSIONNAME' => 'Console'
    'SystemDrive' => 'C:'
    'SystemRoot' => 'C:\\Windows'
    'TEMP' => 'C:\\Users\\369\\AppData\\Local\\Temp'
    'TMP' => 'C:\\Users\\369\\AppData\\Local\\Temp'
    'USERDOMAIN' => '6066-PC'
    'USERNAME' => '369'
    'USERPROFILE' => 'C:\\Users\\369'
    'windir' => 'C:\\Windows'
    'windows_tracing_flags' => '3'
    'windows_tracing_logfile' => 'C:\\BVTBin\\Tests\\installpackage\\csilogfile.log'
    'HTTP_COOKIE' => '_csrf=53850a15d06964edace707fc9d68743267c2e0e18dd392aeef6a729c1ac6b5b0a%3A2%3A%7Bi%3A0%3Bs%3A5%3A%22_csrf%22%3Bi%3A1%3Bs%3A32%3A%22HWZ-jw7RDuPwaosksgRg-NpoIwbUqTb8%22%3B%7D; PHPSESSID=q3calb3rtud5i6ti322lfeh4c2; _identity=3f7d0a89583913370af3d6406588c85ffafec6500647d37063de154a4cdf087ea%3A2%3A%7Bi%3A0%3Bs%3A9%3A%22_identity%22%3Bi%3A1%3Bs%3A46%3A%22%5B2%2C%22ySzxFhyeRhWu02gZNKn39rCb3jQPFJmX%22%2C2592000%5D%22%3B%7D'
    'HTTP_ACCEPT_LANGUAGE' => 'zh-CN,zh;q=0.8'
    'HTTP_ACCEPT_ENCODING' => 'gzip, deflate, sdch'
    'HTTP_REFERER' => 'http://demoyii.cc/index.php?r=user%2Frole%2Findex'
    'HTTP_ACCEPT' => 'text/html,application/xhtml+xml,application/xml;q=0.9,image/webp,*/*;q=0.8'
    'HTTP_USER_AGENT' => 'Mozilla/5.0 (Windows NT 6.1; WOW64) AppleWebKit/537.36 (KHTML, like Gecko) Chrome/57.0.2987.133 Safari/537.36'
    'HTTP_UPGRADE_INSECURE_REQUESTS' => '1'
    'HTTP_CONNECTION' => 'keep-alive'
    'HTTP_HOST' => 'demoyii.cc'
    'REDIRECT_STATUS' => '200'
    'SERVER_NAME' => 'demoyii.cc'
    'SERVER_PORT' => '80'
    'SERVER_ADDR' => '127.0.0.1'
    'REMOTE_PORT' => '51990'
    'REMOTE_ADDR' => '127.0.0.1'
    'SERVER_SOFTWARE' => 'nginx/1.11.5'
    'GATEWAY_INTERFACE' => 'CGI/1.1'
    'SERVER_PROTOCOL' => 'HTTP/1.1'
    'DOCUMENT_ROOT' => 'E:/phpStudy/WWW/demo'
    'DOCUMENT_URI' => '/index.php'
    'REQUEST_URI' => '/index.php?r=user%2Frole%2Fupdate&id=admin'
    'SCRIPT_NAME' => '/index.php'
    'CONTENT_LENGTH' => ''
    'CONTENT_TYPE' => ''
    'REQUEST_METHOD' => 'GET'
    'QUERY_STRING' => 'r=user%2Frole%2Fupdate&id=admin'
    'SCRIPT_FILENAME' => 'E:/phpStudy/WWW/demo/index.php'
    'FCGI_ROLE' => 'RESPONDER'
    'PHP_SELF' => '/index.php'
    'REQUEST_TIME_FLOAT' => 1514513293.2246
    'REQUEST_TIME' => 1514513293
]
2017-12-29 10:08:26 [127.0.0.1][2][-][error][yii\web\HttpException:401] exception 'yii\web\UnauthorizedHttpException' with message '对不起，您现在还没获此操作的权限' in E:\phpStudy\WWW\demo\backend\controllers\BackendBaseController.php:71
Stack trace:
#0 E:\phpStudy\WWW\demo\vendor\yiisoft\yii2\base\Controller.php(149): backend\controllers\BackendBaseController->beforeAction(Object(yii\base\InlineAction))
#1 E:\phpStudy\WWW\demo\vendor\yiisoft\yii2\base\Module.php(455): yii\base\Controller->runAction('delete', Array)
#2 E:\phpStudy\WWW\demo\vendor\yiisoft\yii2\web\Application.php(84): yii\base\Module->runAction('user/role/delet...', Array)
#3 E:\phpStudy\WWW\demo\vendor\yiisoft\yii2\base\Application.php(375): yii\web\Application->handleRequest(Object(yii\web\Request))
#4 E:\phpStudy\WWW\demo\index.php(21): yii\base\Application->run()
#5 {main}
2017-12-29 10:08:26 [127.0.0.1][2][-][info][application] $_GET = [
    'r' => 'user/role/delete'
    'id' => 'service'
]

$_POST = [
    '_csrf' => 'NW5VUkpFdDV9OQ9/IDJDZ3EbBSUrKgdeRgkHNWcLBFp8GTcHOxEWDQ=='
]

$_COOKIE = [
    '_csrf' => '53850a15d06964edace707fc9d68743267c2e0e18dd392aeef6a729c1ac6b5b0a:2:{i:0;s:5:\"_csrf\";i:1;s:32:\"HWZ-jw7RDuPwaosksgRg-NpoIwbUqTb8\";}'
    'PHPSESSID' => 'q3calb3rtud5i6ti322lfeh4c2'
    '_identity' => '3f7d0a89583913370af3d6406588c85ffafec6500647d37063de154a4cdf087ea:2:{i:0;s:9:\"_identity\";i:1;s:46:\"[2,\"ySzxFhyeRhWu02gZNKn39rCb3jQPFJmX\",2592000]\";}'
]

$_SESSION = [
    '__flash' => []
    '__captcha/site/captchacount' => 2
    '__id' => 2
]

$_SERVER = [
    'ALLUSERSPROFILE' => 'C:\\ProgramData'
    'APPDATA' => 'C:\\Users\\369\\AppData\\Roaming'
    'CommonProgramFiles' => 'C:\\Program Files (x86)\\Common Files'
    'CommonProgramFiles(x86)' => 'C:\\Program Files (x86)\\Common Files'
    'CommonProgramW6432' => 'C:\\Program Files\\Common Files'
    'COMPUTERNAME' => '6066-PC'
    'ComSpec' => 'C:\\Windows\\system32\\cmd.exe'
    'FP_NO_HOST_CHECK' => 'NO'
    'HOMEDRIVE' => 'C:'
    'HOMEPATH' => '\\Users\\369'
    'LOCALAPPDATA' => 'C:\\Users\\369\\AppData\\Local'
    'LOGONSERVER' => '\\\\6066-PC'
    'NUMBER_OF_PROCESSORS' => '4'
    'OS' => 'Windows_NT'
    'Path' => 'C:\\Program Files (x86)\\Intel\\iCLS Client\\;C:\\Program Files\\Intel\\iCLS Client\\;C:\\Windows\\system32;C:\\Windows;C:\\Windows\\System32\\Wbem;C:\\Windows\\System32\\WindowsPowerShell\\v1.0\\;C:\\Program Files\\Intel\\Intel(R) Management Engine Components\\DAL;C:\\Program Files\\Intel\\Intel(R) Management Engine Components\\IPT;C:\\Program Files (x86)\\Intel\\Intel(R) Management Engine Components\\DAL;C:\\Program Files (x86)\\Intel\\Intel(R) Management Engine Components\\IPT;D:\\Program Files\\TortoiseSVN\\bin;E:\\phpStudy\\php\\php-5.6.27-nts;C:\\ProgramData\\ComposerSetup\\bin;D:\\Program Files (x86)\\JetBrains\\PhpStorm 2016.3.2\\bin;C:\\Program Files\\VanDyke Software\\Clients\\;C:\\Users\\369\\AppData\\Roaming\\Composer\\vendor\\bin'
    'PATHEXT' => '.COM;.EXE;.BAT;.CMD;.VBS;.VBE;.JS;.JSE;.WSF;.WSH;.MSC'
    'PROCESSOR_ARCHITECTURE' => 'x86'
    'PROCESSOR_ARCHITEW6432' => 'AMD64'
    'PROCESSOR_IDENTIFIER' => 'Intel64 Family 6 Model 60 Stepping 3, GenuineIntel'
    'PROCESSOR_LEVEL' => '6'
    'PROCESSOR_REVISION' => '3c03'
    'ProgramData' => 'C:\\ProgramData'
    'ProgramFiles' => 'C:\\Program Files (x86)'
    'ProgramFiles(x86)' => 'C:\\Program Files (x86)'
    'ProgramW6432' => 'C:\\Program Files'
    'PSModulePath' => 'C:\\Windows\\system32\\WindowsPowerShell\\v1.0\\Modules\\'
    'PUBLIC' => 'C:\\Users\\Public'
    'SESSIONNAME' => 'Console'
    'SystemDrive' => 'C:'
    'SystemRoot' => 'C:\\Windows'
    'TEMP' => 'C:\\Users\\369\\AppData\\Local\\Temp'
    'TMP' => 'C:\\Users\\369\\AppData\\Local\\Temp'
    'USERDOMAIN' => '6066-PC'
    'USERNAME' => '369'
    'USERPROFILE' => 'C:\\Users\\369'
    'windir' => 'C:\\Windows'
    'windows_tracing_flags' => '3'
    'windows_tracing_logfile' => 'C:\\BVTBin\\Tests\\installpackage\\csilogfile.log'
    'HTTP_COOKIE' => '_csrf=53850a15d06964edace707fc9d68743267c2e0e18dd392aeef6a729c1ac6b5b0a%3A2%3A%7Bi%3A0%3Bs%3A5%3A%22_csrf%22%3Bi%3A1%3Bs%3A32%3A%22HWZ-jw7RDuPwaosksgRg-NpoIwbUqTb8%22%3B%7D; PHPSESSID=q3calb3rtud5i6ti322lfeh4c2; _identity=3f7d0a89583913370af3d6406588c85ffafec6500647d37063de154a4cdf087ea%3A2%3A%7Bi%3A0%3Bs%3A9%3A%22_identity%22%3Bi%3A1%3Bs%3A46%3A%22%5B2%2C%22ySzxFhyeRhWu02gZNKn39rCb3jQPFJmX%22%2C2592000%5D%22%3B%7D'
    'HTTP_ACCEPT_LANGUAGE' => 'zh-CN,zh;q=0.8'
    'HTTP_ACCEPT_ENCODING' => 'gzip, deflate'
    'HTTP_REFERER' => 'http://demoyii.cc/index.php?r=user%2Frole%2Findex'
    'HTTP_ACCEPT' => 'text/html,application/xhtml+xml,application/xml;q=0.9,image/webp,*/*;q=0.8'
    'HTTP_CONTENT_TYPE' => 'application/x-www-form-urlencoded'
    'HTTP_USER_AGENT' => 'Mozilla/5.0 (Windows NT 6.1; WOW64) AppleWebKit/537.36 (KHTML, like Gecko) Chrome/57.0.2987.133 Safari/537.36'
    'HTTP_UPGRADE_INSECURE_REQUESTS' => '1'
    'HTTP_ORIGIN' => 'http://demoyii.cc'
    'HTTP_CACHE_CONTROL' => 'max-age=0'
    'HTTP_CONTENT_LENGTH' => '68'
    'HTTP_CONNECTION' => 'keep-alive'
    'HTTP_HOST' => 'demoyii.cc'
    'REDIRECT_STATUS' => '200'
    'SERVER_NAME' => 'demoyii.cc'
    'SERVER_PORT' => '80'
    'SERVER_ADDR' => '127.0.0.1'
    'REMOTE_PORT' => '52133'
    'REMOTE_ADDR' => '127.0.0.1'
    'SERVER_SOFTWARE' => 'nginx/1.11.5'
    'GATEWAY_INTERFACE' => 'CGI/1.1'
    'SERVER_PROTOCOL' => 'HTTP/1.1'
    'DOCUMENT_ROOT' => 'E:/phpStudy/WWW/demo'
    'DOCUMENT_URI' => '/index.php'
    'REQUEST_URI' => '/index.php?r=user%2Frole%2Fdelete&id=service'
    'SCRIPT_NAME' => '/index.php'
    'CONTENT_LENGTH' => '68'
    'CONTENT_TYPE' => 'application/x-www-form-urlencoded'
    'REQUEST_METHOD' => 'POST'
    'QUERY_STRING' => 'r=user%2Frole%2Fdelete&id=service'
    'SCRIPT_FILENAME' => 'E:/phpStudy/WWW/demo/index.php'
    'FCGI_ROLE' => 'RESPONDER'
    'PHP_SELF' => '/index.php'
    'REQUEST_TIME_FLOAT' => 1514513306.6603
    'REQUEST_TIME' => 1514513306
]
2017-12-29 10:08:26 [127.0.0.1][2][q3calb3rtud5i6ti322lfeh4c2][warning][yii\log\Dispatcher::dispatch] Unable to send log via yii\debug\LogTarget: Error: You cannot serialize or unserialize PDO instances
2017-12-29 10:08:26 [127.0.0.1][2][q3calb3rtud5i6ti322lfeh4c2][info][application] $_GET = [
    'r' => 'user/role/delete'
    'id' => 'service'
]

$_POST = [
    '_csrf' => 'NW5VUkpFdDV9OQ9/IDJDZ3EbBSUrKgdeRgkHNWcLBFp8GTcHOxEWDQ=='
]

$_COOKIE = [
    '_csrf' => '53850a15d06964edace707fc9d68743267c2e0e18dd392aeef6a729c1ac6b5b0a:2:{i:0;s:5:\"_csrf\";i:1;s:32:\"HWZ-jw7RDuPwaosksgRg-NpoIwbUqTb8\";}'
    'PHPSESSID' => 'q3calb3rtud5i6ti322lfeh4c2'
    '_identity' => '3f7d0a89583913370af3d6406588c85ffafec6500647d37063de154a4cdf087ea:2:{i:0;s:9:\"_identity\";i:1;s:46:\"[2,\"ySzxFhyeRhWu02gZNKn39rCb3jQPFJmX\",2592000]\";}'
]

$_SESSION = [
    '__flash' => []
    '__captcha/site/captchacount' => 2
    '__id' => 2
]

$_SERVER = [
    'ALLUSERSPROFILE' => 'C:\\ProgramData'
    'APPDATA' => 'C:\\Users\\369\\AppData\\Roaming'
    'CommonProgramFiles' => 'C:\\Program Files (x86)\\Common Files'
    'CommonProgramFiles(x86)' => 'C:\\Program Files (x86)\\Common Files'
    'CommonProgramW6432' => 'C:\\Program Files\\Common Files'
    'COMPUTERNAME' => '6066-PC'
    'ComSpec' => 'C:\\Windows\\system32\\cmd.exe'
    'FP_NO_HOST_CHECK' => 'NO'
    'HOMEDRIVE' => 'C:'
    'HOMEPATH' => '\\Users\\369'
    'LOCALAPPDATA' => 'C:\\Users\\369\\AppData\\Local'
    'LOGONSERVER' => '\\\\6066-PC'
    'NUMBER_OF_PROCESSORS' => '4'
    'OS' => 'Windows_NT'
    'Path' => 'C:\\Program Files (x86)\\Intel\\iCLS Client\\;C:\\Program Files\\Intel\\iCLS Client\\;C:\\Windows\\system32;C:\\Windows;C:\\Windows\\System32\\Wbem;C:\\Windows\\System32\\WindowsPowerShell\\v1.0\\;C:\\Program Files\\Intel\\Intel(R) Management Engine Components\\DAL;C:\\Program Files\\Intel\\Intel(R) Management Engine Components\\IPT;C:\\Program Files (x86)\\Intel\\Intel(R) Management Engine Components\\DAL;C:\\Program Files (x86)\\Intel\\Intel(R) Management Engine Components\\IPT;D:\\Program Files\\TortoiseSVN\\bin;E:\\phpStudy\\php\\php-5.6.27-nts;C:\\ProgramData\\ComposerSetup\\bin;D:\\Program Files (x86)\\JetBrains\\PhpStorm 2016.3.2\\bin;C:\\Program Files\\VanDyke Software\\Clients\\;C:\\Users\\369\\AppData\\Roaming\\Composer\\vendor\\bin'
    'PATHEXT' => '.COM;.EXE;.BAT;.CMD;.VBS;.VBE;.JS;.JSE;.WSF;.WSH;.MSC'
    'PROCESSOR_ARCHITECTURE' => 'x86'
    'PROCESSOR_ARCHITEW6432' => 'AMD64'
    'PROCESSOR_IDENTIFIER' => 'Intel64 Family 6 Model 60 Stepping 3, GenuineIntel'
    'PROCESSOR_LEVEL' => '6'
    'PROCESSOR_REVISION' => '3c03'
    'ProgramData' => 'C:\\ProgramData'
    'ProgramFiles' => 'C:\\Program Files (x86)'
    'ProgramFiles(x86)' => 'C:\\Program Files (x86)'
    'ProgramW6432' => 'C:\\Program Files'
    'PSModulePath' => 'C:\\Windows\\system32\\WindowsPowerShell\\v1.0\\Modules\\'
    'PUBLIC' => 'C:\\Users\\Public'
    'SESSIONNAME' => 'Console'
    'SystemDrive' => 'C:'
    'SystemRoot' => 'C:\\Windows'
    'TEMP' => 'C:\\Users\\369\\AppData\\Local\\Temp'
    'TMP' => 'C:\\Users\\369\\AppData\\Local\\Temp'
    'USERDOMAIN' => '6066-PC'
    'USERNAME' => '369'
    'USERPROFILE' => 'C:\\Users\\369'
    'windir' => 'C:\\Windows'
    'windows_tracing_flags' => '3'
    'windows_tracing_logfile' => 'C:\\BVTBin\\Tests\\installpackage\\csilogfile.log'
    'HTTP_COOKIE' => '_csrf=53850a15d06964edace707fc9d68743267c2e0e18dd392aeef6a729c1ac6b5b0a%3A2%3A%7Bi%3A0%3Bs%3A5%3A%22_csrf%22%3Bi%3A1%3Bs%3A32%3A%22HWZ-jw7RDuPwaosksgRg-NpoIwbUqTb8%22%3B%7D; PHPSESSID=q3calb3rtud5i6ti322lfeh4c2; _identity=3f7d0a89583913370af3d6406588c85ffafec6500647d37063de154a4cdf087ea%3A2%3A%7Bi%3A0%3Bs%3A9%3A%22_identity%22%3Bi%3A1%3Bs%3A46%3A%22%5B2%2C%22ySzxFhyeRhWu02gZNKn39rCb3jQPFJmX%22%2C2592000%5D%22%3B%7D'
    'HTTP_ACCEPT_LANGUAGE' => 'zh-CN,zh;q=0.8'
    'HTTP_ACCEPT_ENCODING' => 'gzip, deflate'
    'HTTP_REFERER' => 'http://demoyii.cc/index.php?r=user%2Frole%2Findex'
    'HTTP_ACCEPT' => 'text/html,application/xhtml+xml,application/xml;q=0.9,image/webp,*/*;q=0.8'
    'HTTP_CONTENT_TYPE' => 'application/x-www-form-urlencoded'
    'HTTP_USER_AGENT' => 'Mozilla/5.0 (Windows NT 6.1; WOW64) AppleWebKit/537.36 (KHTML, like Gecko) Chrome/57.0.2987.133 Safari/537.36'
    'HTTP_UPGRADE_INSECURE_REQUESTS' => '1'
    'HTTP_ORIGIN' => 'http://demoyii.cc'
    'HTTP_CACHE_CONTROL' => 'max-age=0'
    'HTTP_CONTENT_LENGTH' => '68'
    'HTTP_CONNECTION' => 'keep-alive'
    'HTTP_HOST' => 'demoyii.cc'
    'REDIRECT_STATUS' => '200'
    'SERVER_NAME' => 'demoyii.cc'
    'SERVER_PORT' => '80'
    'SERVER_ADDR' => '127.0.0.1'
    'REMOTE_PORT' => '52133'
    'REMOTE_ADDR' => '127.0.0.1'
    'SERVER_SOFTWARE' => 'nginx/1.11.5'
    'GATEWAY_INTERFACE' => 'CGI/1.1'
    'SERVER_PROTOCOL' => 'HTTP/1.1'
    'DOCUMENT_ROOT' => 'E:/phpStudy/WWW/demo'
    'DOCUMENT_URI' => '/index.php'
    'REQUEST_URI' => '/index.php?r=user%2Frole%2Fdelete&id=service'
    'SCRIPT_NAME' => '/index.php'
    'CONTENT_LENGTH' => '68'
    'CONTENT_TYPE' => 'application/x-www-form-urlencoded'
    'REQUEST_METHOD' => 'POST'
    'QUERY_STRING' => 'r=user%2Frole%2Fdelete&id=service'
    'SCRIPT_FILENAME' => 'E:/phpStudy/WWW/demo/index.php'
    'FCGI_ROLE' => 'RESPONDER'
    'PHP_SELF' => '/index.php'
    'REQUEST_TIME_FLOAT' => 1514513306.6603
    'REQUEST_TIME' => 1514513306
]
2017-12-29 10:08:34 [127.0.0.1][2][-][error][yii\web\HttpException:401] exception 'yii\web\UnauthorizedHttpException' with message '对不起，您现在还没获此操作的权限' in E:\phpStudy\WWW\demo\backend\controllers\BackendBaseController.php:71
Stack trace:
#0 E:\phpStudy\WWW\demo\vendor\yiisoft\yii2\base\Controller.php(149): backend\controllers\BackendBaseController->beforeAction(Object(yii\base\InlineAction))
#1 E:\phpStudy\WWW\demo\vendor\yiisoft\yii2\base\Module.php(455): yii\base\Controller->runAction('index', Array)
#2 E:\phpStudy\WWW\demo\vendor\yiisoft\yii2\web\Application.php(84): yii\base\Module->runAction('user/admin-logg...', Array)
#3 E:\phpStudy\WWW\demo\vendor\yiisoft\yii2\base\Application.php(375): yii\web\Application->handleRequest(Object(yii\web\Request))
#4 E:\phpStudy\WWW\demo\index.php(21): yii\base\Application->run()
#5 {main}
2017-12-29 10:08:34 [127.0.0.1][2][-][info][application] $_GET = [
    'r' => 'user/admin-logger/index'
]

$_COOKIE = [
    '_csrf' => '53850a15d06964edace707fc9d68743267c2e0e18dd392aeef6a729c1ac6b5b0a:2:{i:0;s:5:\"_csrf\";i:1;s:32:\"HWZ-jw7RDuPwaosksgRg-NpoIwbUqTb8\";}'
    'PHPSESSID' => 'q3calb3rtud5i6ti322lfeh4c2'
    '_identity' => '3f7d0a89583913370af3d6406588c85ffafec6500647d37063de154a4cdf087ea:2:{i:0;s:9:\"_identity\";i:1;s:46:\"[2,\"ySzxFhyeRhWu02gZNKn39rCb3jQPFJmX\",2592000]\";}'
]

$_SESSION = [
    '__flash' => []
    '__captcha/site/captchacount' => 2
    '__id' => 2
]

$_SERVER = [
    'ALLUSERSPROFILE' => 'C:\\ProgramData'
    'APPDATA' => 'C:\\Users\\369\\AppData\\Roaming'
    'CommonProgramFiles' => 'C:\\Program Files (x86)\\Common Files'
    'CommonProgramFiles(x86)' => 'C:\\Program Files (x86)\\Common Files'
    'CommonProgramW6432' => 'C:\\Program Files\\Common Files'
    'COMPUTERNAME' => '6066-PC'
    'ComSpec' => 'C:\\Windows\\system32\\cmd.exe'
    'FP_NO_HOST_CHECK' => 'NO'
    'HOMEDRIVE' => 'C:'
    'HOMEPATH' => '\\Users\\369'
    'LOCALAPPDATA' => 'C:\\Users\\369\\AppData\\Local'
    'LOGONSERVER' => '\\\\6066-PC'
    'NUMBER_OF_PROCESSORS' => '4'
    'OS' => 'Windows_NT'
    'Path' => 'C:\\Program Files (x86)\\Intel\\iCLS Client\\;C:\\Program Files\\Intel\\iCLS Client\\;C:\\Windows\\system32;C:\\Windows;C:\\Windows\\System32\\Wbem;C:\\Windows\\System32\\WindowsPowerShell\\v1.0\\;C:\\Program Files\\Intel\\Intel(R) Management Engine Components\\DAL;C:\\Program Files\\Intel\\Intel(R) Management Engine Components\\IPT;C:\\Program Files (x86)\\Intel\\Intel(R) Management Engine Components\\DAL;C:\\Program Files (x86)\\Intel\\Intel(R) Management Engine Components\\IPT;D:\\Program Files\\TortoiseSVN\\bin;E:\\phpStudy\\php\\php-5.6.27-nts;C:\\ProgramData\\ComposerSetup\\bin;D:\\Program Files (x86)\\JetBrains\\PhpStorm 2016.3.2\\bin;C:\\Program Files\\VanDyke Software\\Clients\\;C:\\Users\\369\\AppData\\Roaming\\Composer\\vendor\\bin'
    'PATHEXT' => '.COM;.EXE;.BAT;.CMD;.VBS;.VBE;.JS;.JSE;.WSF;.WSH;.MSC'
    'PROCESSOR_ARCHITECTURE' => 'x86'
    'PROCESSOR_ARCHITEW6432' => 'AMD64'
    'PROCESSOR_IDENTIFIER' => 'Intel64 Family 6 Model 60 Stepping 3, GenuineIntel'
    'PROCESSOR_LEVEL' => '6'
    'PROCESSOR_REVISION' => '3c03'
    'ProgramData' => 'C:\\ProgramData'
    'ProgramFiles' => 'C:\\Program Files (x86)'
    'ProgramFiles(x86)' => 'C:\\Program Files (x86)'
    'ProgramW6432' => 'C:\\Program Files'
    'PSModulePath' => 'C:\\Windows\\system32\\WindowsPowerShell\\v1.0\\Modules\\'
    'PUBLIC' => 'C:\\Users\\Public'
    'SESSIONNAME' => 'Console'
    'SystemDrive' => 'C:'
    'SystemRoot' => 'C:\\Windows'
    'TEMP' => 'C:\\Users\\369\\AppData\\Local\\Temp'
    'TMP' => 'C:\\Users\\369\\AppData\\Local\\Temp'
    'USERDOMAIN' => '6066-PC'
    'USERNAME' => '369'
    'USERPROFILE' => 'C:\\Users\\369'
    'windir' => 'C:\\Windows'
    'windows_tracing_flags' => '3'
    'windows_tracing_logfile' => 'C:\\BVTBin\\Tests\\installpackage\\csilogfile.log'
    'HTTP_COOKIE' => '_csrf=53850a15d06964edace707fc9d68743267c2e0e18dd392aeef6a729c1ac6b5b0a%3A2%3A%7Bi%3A0%3Bs%3A5%3A%22_csrf%22%3Bi%3A1%3Bs%3A32%3A%22HWZ-jw7RDuPwaosksgRg-NpoIwbUqTb8%22%3B%7D; PHPSESSID=q3calb3rtud5i6ti322lfeh4c2; _identity=3f7d0a89583913370af3d6406588c85ffafec6500647d37063de154a4cdf087ea%3A2%3A%7Bi%3A0%3Bs%3A9%3A%22_identity%22%3Bi%3A1%3Bs%3A46%3A%22%5B2%2C%22ySzxFhyeRhWu02gZNKn39rCb3jQPFJmX%22%2C2592000%5D%22%3B%7D'
    'HTTP_ACCEPT_LANGUAGE' => 'zh-CN,zh;q=0.8'
    'HTTP_ACCEPT_ENCODING' => 'gzip, deflate, sdch'
    'HTTP_REFERER' => 'http://demoyii.cc/index.php?r=site%2Findex'
    'HTTP_ACCEPT' => 'text/html,application/xhtml+xml,application/xml;q=0.9,image/webp,*/*;q=0.8'
    'HTTP_USER_AGENT' => 'Mozilla/5.0 (Windows NT 6.1; WOW64) AppleWebKit/537.36 (KHTML, like Gecko) Chrome/57.0.2987.133 Safari/537.36'
    'HTTP_UPGRADE_INSECURE_REQUESTS' => '1'
    'HTTP_CONNECTION' => 'keep-alive'
    'HTTP_HOST' => 'demoyii.cc'
    'REDIRECT_STATUS' => '200'
    'SERVER_NAME' => 'demoyii.cc'
    'SERVER_PORT' => '80'
    'SERVER_ADDR' => '127.0.0.1'
    'REMOTE_PORT' => '52133'
    'REMOTE_ADDR' => '127.0.0.1'
    'SERVER_SOFTWARE' => 'nginx/1.11.5'
    'GATEWAY_INTERFACE' => 'CGI/1.1'
    'SERVER_PROTOCOL' => 'HTTP/1.1'
    'DOCUMENT_ROOT' => 'E:/phpStudy/WWW/demo'
    'DOCUMENT_URI' => '/index.php'
    'REQUEST_URI' => '/index.php?r=user%2Fadmin-logger%2Findex'
    'SCRIPT_NAME' => '/index.php'
    'CONTENT_LENGTH' => ''
    'CONTENT_TYPE' => ''
    'REQUEST_METHOD' => 'GET'
    'QUERY_STRING' => 'r=user%2Fadmin-logger%2Findex'
    'SCRIPT_FILENAME' => 'E:/phpStudy/WWW/demo/index.php'
    'FCGI_ROLE' => 'RESPONDER'
    'PHP_SELF' => '/index.php'
    'REQUEST_TIME_FLOAT' => 1514513314.4428
    'REQUEST_TIME' => 1514513314
]
2017-12-29 10:08:34 [127.0.0.1][2][q3calb3rtud5i6ti322lfeh4c2][warning][yii\log\Dispatcher::dispatch] Unable to send log via yii\debug\LogTarget: Error: You cannot serialize or unserialize PDO instances
2017-12-29 10:08:34 [127.0.0.1][2][q3calb3rtud5i6ti322lfeh4c2][info][application] $_GET = [
    'r' => 'user/admin-logger/index'
]

$_COOKIE = [
    '_csrf' => '53850a15d06964edace707fc9d68743267c2e0e18dd392aeef6a729c1ac6b5b0a:2:{i:0;s:5:\"_csrf\";i:1;s:32:\"HWZ-jw7RDuPwaosksgRg-NpoIwbUqTb8\";}'
    'PHPSESSID' => 'q3calb3rtud5i6ti322lfeh4c2'
    '_identity' => '3f7d0a89583913370af3d6406588c85ffafec6500647d37063de154a4cdf087ea:2:{i:0;s:9:\"_identity\";i:1;s:46:\"[2,\"ySzxFhyeRhWu02gZNKn39rCb3jQPFJmX\",2592000]\";}'
]

$_SESSION = [
    '__flash' => []
    '__captcha/site/captchacount' => 2
    '__id' => 2
]

$_SERVER = [
    'ALLUSERSPROFILE' => 'C:\\ProgramData'
    'APPDATA' => 'C:\\Users\\369\\AppData\\Roaming'
    'CommonProgramFiles' => 'C:\\Program Files (x86)\\Common Files'
    'CommonProgramFiles(x86)' => 'C:\\Program Files (x86)\\Common Files'
    'CommonProgramW6432' => 'C:\\Program Files\\Common Files'
    'COMPUTERNAME' => '6066-PC'
    'ComSpec' => 'C:\\Windows\\system32\\cmd.exe'
    'FP_NO_HOST_CHECK' => 'NO'
    'HOMEDRIVE' => 'C:'
    'HOMEPATH' => '\\Users\\369'
    'LOCALAPPDATA' => 'C:\\Users\\369\\AppData\\Local'
    'LOGONSERVER' => '\\\\6066-PC'
    'NUMBER_OF_PROCESSORS' => '4'
    'OS' => 'Windows_NT'
    'Path' => 'C:\\Program Files (x86)\\Intel\\iCLS Client\\;C:\\Program Files\\Intel\\iCLS Client\\;C:\\Windows\\system32;C:\\Windows;C:\\Windows\\System32\\Wbem;C:\\Windows\\System32\\WindowsPowerShell\\v1.0\\;C:\\Program Files\\Intel\\Intel(R) Management Engine Components\\DAL;C:\\Program Files\\Intel\\Intel(R) Management Engine Components\\IPT;C:\\Program Files (x86)\\Intel\\Intel(R) Management Engine Components\\DAL;C:\\Program Files (x86)\\Intel\\Intel(R) Management Engine Components\\IPT;D:\\Program Files\\TortoiseSVN\\bin;E:\\phpStudy\\php\\php-5.6.27-nts;C:\\ProgramData\\ComposerSetup\\bin;D:\\Program Files (x86)\\JetBrains\\PhpStorm 2016.3.2\\bin;C:\\Program Files\\VanDyke Software\\Clients\\;C:\\Users\\369\\AppData\\Roaming\\Composer\\vendor\\bin'
    'PATHEXT' => '.COM;.EXE;.BAT;.CMD;.VBS;.VBE;.JS;.JSE;.WSF;.WSH;.MSC'
    'PROCESSOR_ARCHITECTURE' => 'x86'
    'PROCESSOR_ARCHITEW6432' => 'AMD64'
    'PROCESSOR_IDENTIFIER' => 'Intel64 Family 6 Model 60 Stepping 3, GenuineIntel'
    'PROCESSOR_LEVEL' => '6'
    'PROCESSOR_REVISION' => '3c03'
    'ProgramData' => 'C:\\ProgramData'
    'ProgramFiles' => 'C:\\Program Files (x86)'
    'ProgramFiles(x86)' => 'C:\\Program Files (x86)'
    'ProgramW6432' => 'C:\\Program Files'
    'PSModulePath' => 'C:\\Windows\\system32\\WindowsPowerShell\\v1.0\\Modules\\'
    'PUBLIC' => 'C:\\Users\\Public'
    'SESSIONNAME' => 'Console'
    'SystemDrive' => 'C:'
    'SystemRoot' => 'C:\\Windows'
    'TEMP' => 'C:\\Users\\369\\AppData\\Local\\Temp'
    'TMP' => 'C:\\Users\\369\\AppData\\Local\\Temp'
    'USERDOMAIN' => '6066-PC'
    'USERNAME' => '369'
    'USERPROFILE' => 'C:\\Users\\369'
    'windir' => 'C:\\Windows'
    'windows_tracing_flags' => '3'
    'windows_tracing_logfile' => 'C:\\BVTBin\\Tests\\installpackage\\csilogfile.log'
    'HTTP_COOKIE' => '_csrf=53850a15d06964edace707fc9d68743267c2e0e18dd392aeef6a729c1ac6b5b0a%3A2%3A%7Bi%3A0%3Bs%3A5%3A%22_csrf%22%3Bi%3A1%3Bs%3A32%3A%22HWZ-jw7RDuPwaosksgRg-NpoIwbUqTb8%22%3B%7D; PHPSESSID=q3calb3rtud5i6ti322lfeh4c2; _identity=3f7d0a89583913370af3d6406588c85ffafec6500647d37063de154a4cdf087ea%3A2%3A%7Bi%3A0%3Bs%3A9%3A%22_identity%22%3Bi%3A1%3Bs%3A46%3A%22%5B2%2C%22ySzxFhyeRhWu02gZNKn39rCb3jQPFJmX%22%2C2592000%5D%22%3B%7D'
    'HTTP_ACCEPT_LANGUAGE' => 'zh-CN,zh;q=0.8'
    'HTTP_ACCEPT_ENCODING' => 'gzip, deflate, sdch'
    'HTTP_REFERER' => 'http://demoyii.cc/index.php?r=site%2Findex'
    'HTTP_ACCEPT' => 'text/html,application/xhtml+xml,application/xml;q=0.9,image/webp,*/*;q=0.8'
    'HTTP_USER_AGENT' => 'Mozilla/5.0 (Windows NT 6.1; WOW64) AppleWebKit/537.36 (KHTML, like Gecko) Chrome/57.0.2987.133 Safari/537.36'
    'HTTP_UPGRADE_INSECURE_REQUESTS' => '1'
    'HTTP_CONNECTION' => 'keep-alive'
    'HTTP_HOST' => 'demoyii.cc'
    'REDIRECT_STATUS' => '200'
    'SERVER_NAME' => 'demoyii.cc'
    'SERVER_PORT' => '80'
    'SERVER_ADDR' => '127.0.0.1'
    'REMOTE_PORT' => '52133'
    'REMOTE_ADDR' => '127.0.0.1'
    'SERVER_SOFTWARE' => 'nginx/1.11.5'
    'GATEWAY_INTERFACE' => 'CGI/1.1'
    'SERVER_PROTOCOL' => 'HTTP/1.1'
    'DOCUMENT_ROOT' => 'E:/phpStudy/WWW/demo'
    'DOCUMENT_URI' => '/index.php'
    'REQUEST_URI' => '/index.php?r=user%2Fadmin-logger%2Findex'
    'SCRIPT_NAME' => '/index.php'
    'CONTENT_LENGTH' => ''
    'CONTENT_TYPE' => ''
    'REQUEST_METHOD' => 'GET'
    'QUERY_STRING' => 'r=user%2Fadmin-logger%2Findex'
    'SCRIPT_FILENAME' => 'E:/phpStudy/WWW/demo/index.php'
    'FCGI_ROLE' => 'RESPONDER'
    'PHP_SELF' => '/index.php'
    'REQUEST_TIME_FLOAT' => 1514513314.4428
    'REQUEST_TIME' => 1514513314
]
2017-12-29 10:08:41 [127.0.0.1][2][-][error][yii\web\HttpException:401] exception 'yii\web\UnauthorizedHttpException' with message '对不起，您现在还没获此操作的权限' in E:\phpStudy\WWW\demo\backend\controllers\BackendBaseController.php:71
Stack trace:
#0 E:\phpStudy\WWW\demo\vendor\yiisoft\yii2\base\Controller.php(149): backend\controllers\BackendBaseController->beforeAction(Object(yii\base\InlineAction))
#1 E:\phpStudy\WWW\demo\vendor\yiisoft\yii2\base\Module.php(455): yii\base\Controller->runAction('index', Array)
#2 E:\phpStudy\WWW\demo\vendor\yiisoft\yii2\web\Application.php(84): yii\base\Module->runAction('user/user/index', Array)
#3 E:\phpStudy\WWW\demo\vendor\yiisoft\yii2\base\Application.php(375): yii\web\Application->handleRequest(Object(yii\web\Request))
#4 E:\phpStudy\WWW\demo\index.php(21): yii\base\Application->run()
#5 {main}
2017-12-29 10:08:41 [127.0.0.1][2][-][info][application] $_GET = [
    'r' => 'user/user/index'
]

$_COOKIE = [
    '_csrf' => '53850a15d06964edace707fc9d68743267c2e0e18dd392aeef6a729c1ac6b5b0a:2:{i:0;s:5:\"_csrf\";i:1;s:32:\"HWZ-jw7RDuPwaosksgRg-NpoIwbUqTb8\";}'
    'PHPSESSID' => 'q3calb3rtud5i6ti322lfeh4c2'
    '_identity' => '3f7d0a89583913370af3d6406588c85ffafec6500647d37063de154a4cdf087ea:2:{i:0;s:9:\"_identity\";i:1;s:46:\"[2,\"ySzxFhyeRhWu02gZNKn39rCb3jQPFJmX\",2592000]\";}'
]

$_SESSION = [
    '__flash' => []
    '__captcha/site/captchacount' => 2
    '__id' => 2
]

$_SERVER = [
    'ALLUSERSPROFILE' => 'C:\\ProgramData'
    'APPDATA' => 'C:\\Users\\369\\AppData\\Roaming'
    'CommonProgramFiles' => 'C:\\Program Files (x86)\\Common Files'
    'CommonProgramFiles(x86)' => 'C:\\Program Files (x86)\\Common Files'
    'CommonProgramW6432' => 'C:\\Program Files\\Common Files'
    'COMPUTERNAME' => '6066-PC'
    'ComSpec' => 'C:\\Windows\\system32\\cmd.exe'
    'FP_NO_HOST_CHECK' => 'NO'
    'HOMEDRIVE' => 'C:'
    'HOMEPATH' => '\\Users\\369'
    'LOCALAPPDATA' => 'C:\\Users\\369\\AppData\\Local'
    'LOGONSERVER' => '\\\\6066-PC'
    'NUMBER_OF_PROCESSORS' => '4'
    'OS' => 'Windows_NT'
    'Path' => 'C:\\Program Files (x86)\\Intel\\iCLS Client\\;C:\\Program Files\\Intel\\iCLS Client\\;C:\\Windows\\system32;C:\\Windows;C:\\Windows\\System32\\Wbem;C:\\Windows\\System32\\WindowsPowerShell\\v1.0\\;C:\\Program Files\\Intel\\Intel(R) Management Engine Components\\DAL;C:\\Program Files\\Intel\\Intel(R) Management Engine Components\\IPT;C:\\Program Files (x86)\\Intel\\Intel(R) Management Engine Components\\DAL;C:\\Program Files (x86)\\Intel\\Intel(R) Management Engine Components\\IPT;D:\\Program Files\\TortoiseSVN\\bin;E:\\phpStudy\\php\\php-5.6.27-nts;C:\\ProgramData\\ComposerSetup\\bin;D:\\Program Files (x86)\\JetBrains\\PhpStorm 2016.3.2\\bin;C:\\Program Files\\VanDyke Software\\Clients\\;C:\\Users\\369\\AppData\\Roaming\\Composer\\vendor\\bin'
    'PATHEXT' => '.COM;.EXE;.BAT;.CMD;.VBS;.VBE;.JS;.JSE;.WSF;.WSH;.MSC'
    'PROCESSOR_ARCHITECTURE' => 'x86'
    'PROCESSOR_ARCHITEW6432' => 'AMD64'
    'PROCESSOR_IDENTIFIER' => 'Intel64 Family 6 Model 60 Stepping 3, GenuineIntel'
    'PROCESSOR_LEVEL' => '6'
    'PROCESSOR_REVISION' => '3c03'
    'ProgramData' => 'C:\\ProgramData'
    'ProgramFiles' => 'C:\\Program Files (x86)'
    'ProgramFiles(x86)' => 'C:\\Program Files (x86)'
    'ProgramW6432' => 'C:\\Program Files'
    'PSModulePath' => 'C:\\Windows\\system32\\WindowsPowerShell\\v1.0\\Modules\\'
    'PUBLIC' => 'C:\\Users\\Public'
    'SESSIONNAME' => 'Console'
    'SystemDrive' => 'C:'
    'SystemRoot' => 'C:\\Windows'
    'TEMP' => 'C:\\Users\\369\\AppData\\Local\\Temp'
    'TMP' => 'C:\\Users\\369\\AppData\\Local\\Temp'
    'USERDOMAIN' => '6066-PC'
    'USERNAME' => '369'
    'USERPROFILE' => 'C:\\Users\\369'
    'windir' => 'C:\\Windows'
    'windows_tracing_flags' => '3'
    'windows_tracing_logfile' => 'C:\\BVTBin\\Tests\\installpackage\\csilogfile.log'
    'HTTP_COOKIE' => '_csrf=53850a15d06964edace707fc9d68743267c2e0e18dd392aeef6a729c1ac6b5b0a%3A2%3A%7Bi%3A0%3Bs%3A5%3A%22_csrf%22%3Bi%3A1%3Bs%3A32%3A%22HWZ-jw7RDuPwaosksgRg-NpoIwbUqTb8%22%3B%7D; PHPSESSID=q3calb3rtud5i6ti322lfeh4c2; _identity=3f7d0a89583913370af3d6406588c85ffafec6500647d37063de154a4cdf087ea%3A2%3A%7Bi%3A0%3Bs%3A9%3A%22_identity%22%3Bi%3A1%3Bs%3A46%3A%22%5B2%2C%22ySzxFhyeRhWu02gZNKn39rCb3jQPFJmX%22%2C2592000%5D%22%3B%7D'
    'HTTP_ACCEPT_LANGUAGE' => 'zh-CN,zh;q=0.8'
    'HTTP_ACCEPT_ENCODING' => 'gzip, deflate, sdch'
    'HTTP_REFERER' => 'http://demoyii.cc/index.php?r=site%2Findex'
    'HTTP_ACCEPT' => 'text/html,application/xhtml+xml,application/xml;q=0.9,image/webp,*/*;q=0.8'
    'HTTP_USER_AGENT' => 'Mozilla/5.0 (Windows NT 6.1; WOW64) AppleWebKit/537.36 (KHTML, like Gecko) Chrome/57.0.2987.133 Safari/537.36'
    'HTTP_UPGRADE_INSECURE_REQUESTS' => '1'
    'HTTP_CONNECTION' => 'keep-alive'
    'HTTP_HOST' => 'demoyii.cc'
    'REDIRECT_STATUS' => '200'
    'SERVER_NAME' => 'demoyii.cc'
    'SERVER_PORT' => '80'
    'SERVER_ADDR' => '127.0.0.1'
    'REMOTE_PORT' => '51990'
    'REMOTE_ADDR' => '127.0.0.1'
    'SERVER_SOFTWARE' => 'nginx/1.11.5'
    'GATEWAY_INTERFACE' => 'CGI/1.1'
    'SERVER_PROTOCOL' => 'HTTP/1.1'
    'DOCUMENT_ROOT' => 'E:/phpStudy/WWW/demo'
    'DOCUMENT_URI' => '/index.php'
    'REQUEST_URI' => '/index.php?r=user%2Fuser%2Findex'
    'SCRIPT_NAME' => '/index.php'
    'CONTENT_LENGTH' => ''
    'CONTENT_TYPE' => ''
    'REQUEST_METHOD' => 'GET'
    'QUERY_STRING' => 'r=user%2Fuser%2Findex'
    'SCRIPT_FILENAME' => 'E:/phpStudy/WWW/demo/index.php'
    'FCGI_ROLE' => 'RESPONDER'
    'PHP_SELF' => '/index.php'
    'REQUEST_TIME_FLOAT' => 1514513321.1032
    'REQUEST_TIME' => 1514513321
]
2017-12-29 10:08:41 [127.0.0.1][2][q3calb3rtud5i6ti322lfeh4c2][warning][yii\log\Dispatcher::dispatch] Unable to send log via yii\debug\LogTarget: Error: You cannot serialize or unserialize PDO instances
2017-12-29 10:08:41 [127.0.0.1][2][q3calb3rtud5i6ti322lfeh4c2][info][application] $_GET = [
    'r' => 'user/user/index'
]

$_COOKIE = [
    '_csrf' => '53850a15d06964edace707fc9d68743267c2e0e18dd392aeef6a729c1ac6b5b0a:2:{i:0;s:5:\"_csrf\";i:1;s:32:\"HWZ-jw7RDuPwaosksgRg-NpoIwbUqTb8\";}'
    'PHPSESSID' => 'q3calb3rtud5i6ti322lfeh4c2'
    '_identity' => '3f7d0a89583913370af3d6406588c85ffafec6500647d37063de154a4cdf087ea:2:{i:0;s:9:\"_identity\";i:1;s:46:\"[2,\"ySzxFhyeRhWu02gZNKn39rCb3jQPFJmX\",2592000]\";}'
]

$_SESSION = [
    '__flash' => []
    '__captcha/site/captchacount' => 2
    '__id' => 2
]

$_SERVER = [
    'ALLUSERSPROFILE' => 'C:\\ProgramData'
    'APPDATA' => 'C:\\Users\\369\\AppData\\Roaming'
    'CommonProgramFiles' => 'C:\\Program Files (x86)\\Common Files'
    'CommonProgramFiles(x86)' => 'C:\\Program Files (x86)\\Common Files'
    'CommonProgramW6432' => 'C:\\Program Files\\Common Files'
    'COMPUTERNAME' => '6066-PC'
    'ComSpec' => 'C:\\Windows\\system32\\cmd.exe'
    'FP_NO_HOST_CHECK' => 'NO'
    'HOMEDRIVE' => 'C:'
    'HOMEPATH' => '\\Users\\369'
    'LOCALAPPDATA' => 'C:\\Users\\369\\AppData\\Local'
    'LOGONSERVER' => '\\\\6066-PC'
    'NUMBER_OF_PROCESSORS' => '4'
    'OS' => 'Windows_NT'
    'Path' => 'C:\\Program Files (x86)\\Intel\\iCLS Client\\;C:\\Program Files\\Intel\\iCLS Client\\;C:\\Windows\\system32;C:\\Windows;C:\\Windows\\System32\\Wbem;C:\\Windows\\System32\\WindowsPowerShell\\v1.0\\;C:\\Program Files\\Intel\\Intel(R) Management Engine Components\\DAL;C:\\Program Files\\Intel\\Intel(R) Management Engine Components\\IPT;C:\\Program Files (x86)\\Intel\\Intel(R) Management Engine Components\\DAL;C:\\Program Files (x86)\\Intel\\Intel(R) Management Engine Components\\IPT;D:\\Program Files\\TortoiseSVN\\bin;E:\\phpStudy\\php\\php-5.6.27-nts;C:\\ProgramData\\ComposerSetup\\bin;D:\\Program Files (x86)\\JetBrains\\PhpStorm 2016.3.2\\bin;C:\\Program Files\\VanDyke Software\\Clients\\;C:\\Users\\369\\AppData\\Roaming\\Composer\\vendor\\bin'
    'PATHEXT' => '.COM;.EXE;.BAT;.CMD;.VBS;.VBE;.JS;.JSE;.WSF;.WSH;.MSC'
    'PROCESSOR_ARCHITECTURE' => 'x86'
    'PROCESSOR_ARCHITEW6432' => 'AMD64'
    'PROCESSOR_IDENTIFIER' => 'Intel64 Family 6 Model 60 Stepping 3, GenuineIntel'
    'PROCESSOR_LEVEL' => '6'
    'PROCESSOR_REVISION' => '3c03'
    'ProgramData' => 'C:\\ProgramData'
    'ProgramFiles' => 'C:\\Program Files (x86)'
    'ProgramFiles(x86)' => 'C:\\Program Files (x86)'
    'ProgramW6432' => 'C:\\Program Files'
    'PSModulePath' => 'C:\\Windows\\system32\\WindowsPowerShell\\v1.0\\Modules\\'
    'PUBLIC' => 'C:\\Users\\Public'
    'SESSIONNAME' => 'Console'
    'SystemDrive' => 'C:'
    'SystemRoot' => 'C:\\Windows'
    'TEMP' => 'C:\\Users\\369\\AppData\\Local\\Temp'
    'TMP' => 'C:\\Users\\369\\AppData\\Local\\Temp'
    'USERDOMAIN' => '6066-PC'
    'USERNAME' => '369'
    'USERPROFILE' => 'C:\\Users\\369'
    'windir' => 'C:\\Windows'
    'windows_tracing_flags' => '3'
    'windows_tracing_logfile' => 'C:\\BVTBin\\Tests\\installpackage\\csilogfile.log'
    'HTTP_COOKIE' => '_csrf=53850a15d06964edace707fc9d68743267c2e0e18dd392aeef6a729c1ac6b5b0a%3A2%3A%7Bi%3A0%3Bs%3A5%3A%22_csrf%22%3Bi%3A1%3Bs%3A32%3A%22HWZ-jw7RDuPwaosksgRg-NpoIwbUqTb8%22%3B%7D; PHPSESSID=q3calb3rtud5i6ti322lfeh4c2; _identity=3f7d0a89583913370af3d6406588c85ffafec6500647d37063de154a4cdf087ea%3A2%3A%7Bi%3A0%3Bs%3A9%3A%22_identity%22%3Bi%3A1%3Bs%3A46%3A%22%5B2%2C%22ySzxFhyeRhWu02gZNKn39rCb3jQPFJmX%22%2C2592000%5D%22%3B%7D'
    'HTTP_ACCEPT_LANGUAGE' => 'zh-CN,zh;q=0.8'
    'HTTP_ACCEPT_ENCODING' => 'gzip, deflate, sdch'
    'HTTP_REFERER' => 'http://demoyii.cc/index.php?r=site%2Findex'
    'HTTP_ACCEPT' => 'text/html,application/xhtml+xml,application/xml;q=0.9,image/webp,*/*;q=0.8'
    'HTTP_USER_AGENT' => 'Mozilla/5.0 (Windows NT 6.1; WOW64) AppleWebKit/537.36 (KHTML, like Gecko) Chrome/57.0.2987.133 Safari/537.36'
    'HTTP_UPGRADE_INSECURE_REQUESTS' => '1'
    'HTTP_CONNECTION' => 'keep-alive'
    'HTTP_HOST' => 'demoyii.cc'
    'REDIRECT_STATUS' => '200'
    'SERVER_NAME' => 'demoyii.cc'
    'SERVER_PORT' => '80'
    'SERVER_ADDR' => '127.0.0.1'
    'REMOTE_PORT' => '51990'
    'REMOTE_ADDR' => '127.0.0.1'
    'SERVER_SOFTWARE' => 'nginx/1.11.5'
    'GATEWAY_INTERFACE' => 'CGI/1.1'
    'SERVER_PROTOCOL' => 'HTTP/1.1'
    'DOCUMENT_ROOT' => 'E:/phpStudy/WWW/demo'
    'DOCUMENT_URI' => '/index.php'
    'REQUEST_URI' => '/index.php?r=user%2Fuser%2Findex'
    'SCRIPT_NAME' => '/index.php'
    'CONTENT_LENGTH' => ''
    'CONTENT_TYPE' => ''
    'REQUEST_METHOD' => 'GET'
    'QUERY_STRING' => 'r=user%2Fuser%2Findex'
    'SCRIPT_FILENAME' => 'E:/phpStudy/WWW/demo/index.php'
    'FCGI_ROLE' => 'RESPONDER'
    'PHP_SELF' => '/index.php'
    'REQUEST_TIME_FLOAT' => 1514513321.1032
    'REQUEST_TIME' => 1514513321
]
2017-12-29 10:08:50 [127.0.0.1][2][-][error][yii\web\HttpException:401] exception 'yii\web\UnauthorizedHttpException' with message '对不起，您现在还没获此操作的权限' in E:\phpStudy\WWW\demo\backend\controllers\BackendBaseController.php:71
Stack trace:
#0 E:\phpStudy\WWW\demo\vendor\yiisoft\yii2\base\Controller.php(149): backend\controllers\BackendBaseController->beforeAction(Object(yii\base\InlineAction))
#1 E:\phpStudy\WWW\demo\vendor\yiisoft\yii2\base\Module.php(455): yii\base\Controller->runAction('create', Array)
#2 E:\phpStudy\WWW\demo\vendor\yiisoft\yii2\web\Application.php(84): yii\base\Module->runAction('ad/ad/create', Array)
#3 E:\phpStudy\WWW\demo\vendor\yiisoft\yii2\base\Application.php(375): yii\web\Application->handleRequest(Object(yii\web\Request))
#4 E:\phpStudy\WWW\demo\index.php(21): yii\base\Application->run()
#5 {main}
2017-12-29 10:08:50 [127.0.0.1][2][-][info][application] $_GET = [
    'r' => 'ad/ad/create'
]

$_COOKIE = [
    '_csrf' => '53850a15d06964edace707fc9d68743267c2e0e18dd392aeef6a729c1ac6b5b0a:2:{i:0;s:5:\"_csrf\";i:1;s:32:\"HWZ-jw7RDuPwaosksgRg-NpoIwbUqTb8\";}'
    'PHPSESSID' => 'q3calb3rtud5i6ti322lfeh4c2'
    '_identity' => '3f7d0a89583913370af3d6406588c85ffafec6500647d37063de154a4cdf087ea:2:{i:0;s:9:\"_identity\";i:1;s:46:\"[2,\"ySzxFhyeRhWu02gZNKn39rCb3jQPFJmX\",2592000]\";}'
]

$_SESSION = [
    '__flash' => []
    '__captcha/site/captchacount' => 2
    '__id' => 2
]

$_SERVER = [
    'ALLUSERSPROFILE' => 'C:\\ProgramData'
    'APPDATA' => 'C:\\Users\\369\\AppData\\Roaming'
    'CommonProgramFiles' => 'C:\\Program Files (x86)\\Common Files'
    'CommonProgramFiles(x86)' => 'C:\\Program Files (x86)\\Common Files'
    'CommonProgramW6432' => 'C:\\Program Files\\Common Files'
    'COMPUTERNAME' => '6066-PC'
    'ComSpec' => 'C:\\Windows\\system32\\cmd.exe'
    'FP_NO_HOST_CHECK' => 'NO'
    'HOMEDRIVE' => 'C:'
    'HOMEPATH' => '\\Users\\369'
    'LOCALAPPDATA' => 'C:\\Users\\369\\AppData\\Local'
    'LOGONSERVER' => '\\\\6066-PC'
    'NUMBER_OF_PROCESSORS' => '4'
    'OS' => 'Windows_NT'
    'Path' => 'C:\\Program Files (x86)\\Intel\\iCLS Client\\;C:\\Program Files\\Intel\\iCLS Client\\;C:\\Windows\\system32;C:\\Windows;C:\\Windows\\System32\\Wbem;C:\\Windows\\System32\\WindowsPowerShell\\v1.0\\;C:\\Program Files\\Intel\\Intel(R) Management Engine Components\\DAL;C:\\Program Files\\Intel\\Intel(R) Management Engine Components\\IPT;C:\\Program Files (x86)\\Intel\\Intel(R) Management Engine Components\\DAL;C:\\Program Files (x86)\\Intel\\Intel(R) Management Engine Components\\IPT;D:\\Program Files\\TortoiseSVN\\bin;E:\\phpStudy\\php\\php-5.6.27-nts;C:\\ProgramData\\ComposerSetup\\bin;D:\\Program Files (x86)\\JetBrains\\PhpStorm 2016.3.2\\bin;C:\\Program Files\\VanDyke Software\\Clients\\;C:\\Users\\369\\AppData\\Roaming\\Composer\\vendor\\bin'
    'PATHEXT' => '.COM;.EXE;.BAT;.CMD;.VBS;.VBE;.JS;.JSE;.WSF;.WSH;.MSC'
    'PROCESSOR_ARCHITECTURE' => 'x86'
    'PROCESSOR_ARCHITEW6432' => 'AMD64'
    'PROCESSOR_IDENTIFIER' => 'Intel64 Family 6 Model 60 Stepping 3, GenuineIntel'
    'PROCESSOR_LEVEL' => '6'
    'PROCESSOR_REVISION' => '3c03'
    'ProgramData' => 'C:\\ProgramData'
    'ProgramFiles' => 'C:\\Program Files (x86)'
    'ProgramFiles(x86)' => 'C:\\Program Files (x86)'
    'ProgramW6432' => 'C:\\Program Files'
    'PSModulePath' => 'C:\\Windows\\system32\\WindowsPowerShell\\v1.0\\Modules\\'
    'PUBLIC' => 'C:\\Users\\Public'
    'SESSIONNAME' => 'Console'
    'SystemDrive' => 'C:'
    'SystemRoot' => 'C:\\Windows'
    'TEMP' => 'C:\\Users\\369\\AppData\\Local\\Temp'
    'TMP' => 'C:\\Users\\369\\AppData\\Local\\Temp'
    'USERDOMAIN' => '6066-PC'
    'USERNAME' => '369'
    'USERPROFILE' => 'C:\\Users\\369'
    'windir' => 'C:\\Windows'
    'windows_tracing_flags' => '3'
    'windows_tracing_logfile' => 'C:\\BVTBin\\Tests\\installpackage\\csilogfile.log'
    'HTTP_COOKIE' => '_csrf=53850a15d06964edace707fc9d68743267c2e0e18dd392aeef6a729c1ac6b5b0a%3A2%3A%7Bi%3A0%3Bs%3A5%3A%22_csrf%22%3Bi%3A1%3Bs%3A32%3A%22HWZ-jw7RDuPwaosksgRg-NpoIwbUqTb8%22%3B%7D; PHPSESSID=q3calb3rtud5i6ti322lfeh4c2; _identity=3f7d0a89583913370af3d6406588c85ffafec6500647d37063de154a4cdf087ea%3A2%3A%7Bi%3A0%3Bs%3A9%3A%22_identity%22%3Bi%3A1%3Bs%3A46%3A%22%5B2%2C%22ySzxFhyeRhWu02gZNKn39rCb3jQPFJmX%22%2C2592000%5D%22%3B%7D'
    'HTTP_ACCEPT_LANGUAGE' => 'zh-CN,zh;q=0.8'
    'HTTP_ACCEPT_ENCODING' => 'gzip, deflate, sdch'
    'HTTP_REFERER' => 'http://demoyii.cc/index.php?r=site%2Findex'
    'HTTP_ACCEPT' => 'text/html,application/xhtml+xml,application/xml;q=0.9,image/webp,*/*;q=0.8'
    'HTTP_USER_AGENT' => 'Mozilla/5.0 (Windows NT 6.1; WOW64) AppleWebKit/537.36 (KHTML, like Gecko) Chrome/57.0.2987.133 Safari/537.36'
    'HTTP_UPGRADE_INSECURE_REQUESTS' => '1'
    'HTTP_CONNECTION' => 'keep-alive'
    'HTTP_HOST' => 'demoyii.cc'
    'REDIRECT_STATUS' => '200'
    'SERVER_NAME' => 'demoyii.cc'
    'SERVER_PORT' => '80'
    'SERVER_ADDR' => '127.0.0.1'
    'REMOTE_PORT' => '52314'
    'REMOTE_ADDR' => '127.0.0.1'
    'SERVER_SOFTWARE' => 'nginx/1.11.5'
    'GATEWAY_INTERFACE' => 'CGI/1.1'
    'SERVER_PROTOCOL' => 'HTTP/1.1'
    'DOCUMENT_ROOT' => 'E:/phpStudy/WWW/demo'
    'DOCUMENT_URI' => '/index.php'
    'REQUEST_URI' => '/index.php?r=ad%2Fad%2Fcreate'
    'SCRIPT_NAME' => '/index.php'
    'CONTENT_LENGTH' => ''
    'CONTENT_TYPE' => ''
    'REQUEST_METHOD' => 'GET'
    'QUERY_STRING' => 'r=ad%2Fad%2Fcreate'
    'SCRIPT_FILENAME' => 'E:/phpStudy/WWW/demo/index.php'
    'FCGI_ROLE' => 'RESPONDER'
    'PHP_SELF' => '/index.php'
    'REQUEST_TIME_FLOAT' => 1514513330.4407
    'REQUEST_TIME' => 1514513330
]
2017-12-29 10:08:50 [127.0.0.1][2][q3calb3rtud5i6ti322lfeh4c2][warning][yii\log\Dispatcher::dispatch] Unable to send log via yii\debug\LogTarget: Error: You cannot serialize or unserialize PDO instances
2017-12-29 10:08:50 [127.0.0.1][2][q3calb3rtud5i6ti322lfeh4c2][info][application] $_GET = [
    'r' => 'ad/ad/create'
]

$_COOKIE = [
    '_csrf' => '53850a15d06964edace707fc9d68743267c2e0e18dd392aeef6a729c1ac6b5b0a:2:{i:0;s:5:\"_csrf\";i:1;s:32:\"HWZ-jw7RDuPwaosksgRg-NpoIwbUqTb8\";}'
    'PHPSESSID' => 'q3calb3rtud5i6ti322lfeh4c2'
    '_identity' => '3f7d0a89583913370af3d6406588c85ffafec6500647d37063de154a4cdf087ea:2:{i:0;s:9:\"_identity\";i:1;s:46:\"[2,\"ySzxFhyeRhWu02gZNKn39rCb3jQPFJmX\",2592000]\";}'
]

$_SESSION = [
    '__flash' => []
    '__captcha/site/captchacount' => 2
    '__id' => 2
]

$_SERVER = [
    'ALLUSERSPROFILE' => 'C:\\ProgramData'
    'APPDATA' => 'C:\\Users\\369\\AppData\\Roaming'
    'CommonProgramFiles' => 'C:\\Program Files (x86)\\Common Files'
    'CommonProgramFiles(x86)' => 'C:\\Program Files (x86)\\Common Files'
    'CommonProgramW6432' => 'C:\\Program Files\\Common Files'
    'COMPUTERNAME' => '6066-PC'
    'ComSpec' => 'C:\\Windows\\system32\\cmd.exe'
    'FP_NO_HOST_CHECK' => 'NO'
    'HOMEDRIVE' => 'C:'
    'HOMEPATH' => '\\Users\\369'
    'LOCALAPPDATA' => 'C:\\Users\\369\\AppData\\Local'
    'LOGONSERVER' => '\\\\6066-PC'
    'NUMBER_OF_PROCESSORS' => '4'
    'OS' => 'Windows_NT'
    'Path' => 'C:\\Program Files (x86)\\Intel\\iCLS Client\\;C:\\Program Files\\Intel\\iCLS Client\\;C:\\Windows\\system32;C:\\Windows;C:\\Windows\\System32\\Wbem;C:\\Windows\\System32\\WindowsPowerShell\\v1.0\\;C:\\Program Files\\Intel\\Intel(R) Management Engine Components\\DAL;C:\\Program Files\\Intel\\Intel(R) Management Engine Components\\IPT;C:\\Program Files (x86)\\Intel\\Intel(R) Management Engine Components\\DAL;C:\\Program Files (x86)\\Intel\\Intel(R) Management Engine Components\\IPT;D:\\Program Files\\TortoiseSVN\\bin;E:\\phpStudy\\php\\php-5.6.27-nts;C:\\ProgramData\\ComposerSetup\\bin;D:\\Program Files (x86)\\JetBrains\\PhpStorm 2016.3.2\\bin;C:\\Program Files\\VanDyke Software\\Clients\\;C:\\Users\\369\\AppData\\Roaming\\Composer\\vendor\\bin'
    'PATHEXT' => '.COM;.EXE;.BAT;.CMD;.VBS;.VBE;.JS;.JSE;.WSF;.WSH;.MSC'
    'PROCESSOR_ARCHITECTURE' => 'x86'
    'PROCESSOR_ARCHITEW6432' => 'AMD64'
    'PROCESSOR_IDENTIFIER' => 'Intel64 Family 6 Model 60 Stepping 3, GenuineIntel'
    'PROCESSOR_LEVEL' => '6'
    'PROCESSOR_REVISION' => '3c03'
    'ProgramData' => 'C:\\ProgramData'
    'ProgramFiles' => 'C:\\Program Files (x86)'
    'ProgramFiles(x86)' => 'C:\\Program Files (x86)'
    'ProgramW6432' => 'C:\\Program Files'
    'PSModulePath' => 'C:\\Windows\\system32\\WindowsPowerShell\\v1.0\\Modules\\'
    'PUBLIC' => 'C:\\Users\\Public'
    'SESSIONNAME' => 'Console'
    'SystemDrive' => 'C:'
    'SystemRoot' => 'C:\\Windows'
    'TEMP' => 'C:\\Users\\369\\AppData\\Local\\Temp'
    'TMP' => 'C:\\Users\\369\\AppData\\Local\\Temp'
    'USERDOMAIN' => '6066-PC'
    'USERNAME' => '369'
    'USERPROFILE' => 'C:\\Users\\369'
    'windir' => 'C:\\Windows'
    'windows_tracing_flags' => '3'
    'windows_tracing_logfile' => 'C:\\BVTBin\\Tests\\installpackage\\csilogfile.log'
    'HTTP_COOKIE' => '_csrf=53850a15d06964edace707fc9d68743267c2e0e18dd392aeef6a729c1ac6b5b0a%3A2%3A%7Bi%3A0%3Bs%3A5%3A%22_csrf%22%3Bi%3A1%3Bs%3A32%3A%22HWZ-jw7RDuPwaosksgRg-NpoIwbUqTb8%22%3B%7D; PHPSESSID=q3calb3rtud5i6ti322lfeh4c2; _identity=3f7d0a89583913370af3d6406588c85ffafec6500647d37063de154a4cdf087ea%3A2%3A%7Bi%3A0%3Bs%3A9%3A%22_identity%22%3Bi%3A1%3Bs%3A46%3A%22%5B2%2C%22ySzxFhyeRhWu02gZNKn39rCb3jQPFJmX%22%2C2592000%5D%22%3B%7D'
    'HTTP_ACCEPT_LANGUAGE' => 'zh-CN,zh;q=0.8'
    'HTTP_ACCEPT_ENCODING' => 'gzip, deflate, sdch'
    'HTTP_REFERER' => 'http://demoyii.cc/index.php?r=site%2Findex'
    'HTTP_ACCEPT' => 'text/html,application/xhtml+xml,application/xml;q=0.9,image/webp,*/*;q=0.8'
    'HTTP_USER_AGENT' => 'Mozilla/5.0 (Windows NT 6.1; WOW64) AppleWebKit/537.36 (KHTML, like Gecko) Chrome/57.0.2987.133 Safari/537.36'
    'HTTP_UPGRADE_INSECURE_REQUESTS' => '1'
    'HTTP_CONNECTION' => 'keep-alive'
    'HTTP_HOST' => 'demoyii.cc'
    'REDIRECT_STATUS' => '200'
    'SERVER_NAME' => 'demoyii.cc'
    'SERVER_PORT' => '80'
    'SERVER_ADDR' => '127.0.0.1'
    'REMOTE_PORT' => '52314'
    'REMOTE_ADDR' => '127.0.0.1'
    'SERVER_SOFTWARE' => 'nginx/1.11.5'
    'GATEWAY_INTERFACE' => 'CGI/1.1'
    'SERVER_PROTOCOL' => 'HTTP/1.1'
    'DOCUMENT_ROOT' => 'E:/phpStudy/WWW/demo'
    'DOCUMENT_URI' => '/index.php'
    'REQUEST_URI' => '/index.php?r=ad%2Fad%2Fcreate'
    'SCRIPT_NAME' => '/index.php'
    'CONTENT_LENGTH' => ''
    'CONTENT_TYPE' => ''
    'REQUEST_METHOD' => 'GET'
    'QUERY_STRING' => 'r=ad%2Fad%2Fcreate'
    'SCRIPT_FILENAME' => 'E:/phpStudy/WWW/demo/index.php'
    'FCGI_ROLE' => 'RESPONDER'
    'PHP_SELF' => '/index.php'
    'REQUEST_TIME_FLOAT' => 1514513330.4407
    'REQUEST_TIME' => 1514513330
]
2017-12-29 10:09:00 [127.0.0.1][2][-][error][yii\web\HttpException:401] exception 'yii\web\UnauthorizedHttpException' with message '对不起，您现在还没获此操作的权限' in E:\phpStudy\WWW\demo\backend\controllers\BackendBaseController.php:71
Stack trace:
#0 E:\phpStudy\WWW\demo\vendor\yiisoft\yii2\base\Controller.php(149): backend\controllers\BackendBaseController->beforeAction(Object(yii\base\InlineAction))
#1 E:\phpStudy\WWW\demo\vendor\yiisoft\yii2\base\Module.php(455): yii\base\Controller->runAction('index', Array)
#2 E:\phpStudy\WWW\demo\vendor\yiisoft\yii2\web\Application.php(84): yii\base\Module->runAction('user/user/index', Array)
#3 E:\phpStudy\WWW\demo\vendor\yiisoft\yii2\base\Application.php(375): yii\web\Application->handleRequest(Object(yii\web\Request))
#4 E:\phpStudy\WWW\demo\index.php(21): yii\base\Application->run()
#5 {main}
2017-12-29 10:09:00 [127.0.0.1][2][-][info][application] $_GET = [
    'r' => 'user/user/index'
]

$_COOKIE = [
    '_csrf' => '53850a15d06964edace707fc9d68743267c2e0e18dd392aeef6a729c1ac6b5b0a:2:{i:0;s:5:\"_csrf\";i:1;s:32:\"HWZ-jw7RDuPwaosksgRg-NpoIwbUqTb8\";}'
    'PHPSESSID' => 'q3calb3rtud5i6ti322lfeh4c2'
    '_identity' => '3f7d0a89583913370af3d6406588c85ffafec6500647d37063de154a4cdf087ea:2:{i:0;s:9:\"_identity\";i:1;s:46:\"[2,\"ySzxFhyeRhWu02gZNKn39rCb3jQPFJmX\",2592000]\";}'
]

$_SESSION = [
    '__flash' => []
    '__captcha/site/captchacount' => 2
    '__id' => 2
]

$_SERVER = [
    'ALLUSERSPROFILE' => 'C:\\ProgramData'
    'APPDATA' => 'C:\\Users\\369\\AppData\\Roaming'
    'CommonProgramFiles' => 'C:\\Program Files (x86)\\Common Files'
    'CommonProgramFiles(x86)' => 'C:\\Program Files (x86)\\Common Files'
    'CommonProgramW6432' => 'C:\\Program Files\\Common Files'
    'COMPUTERNAME' => '6066-PC'
    'ComSpec' => 'C:\\Windows\\system32\\cmd.exe'
    'FP_NO_HOST_CHECK' => 'NO'
    'HOMEDRIVE' => 'C:'
    'HOMEPATH' => '\\Users\\369'
    'LOCALAPPDATA' => 'C:\\Users\\369\\AppData\\Local'
    'LOGONSERVER' => '\\\\6066-PC'
    'NUMBER_OF_PROCESSORS' => '4'
    'OS' => 'Windows_NT'
    'Path' => 'C:\\Program Files (x86)\\Intel\\iCLS Client\\;C:\\Program Files\\Intel\\iCLS Client\\;C:\\Windows\\system32;C:\\Windows;C:\\Windows\\System32\\Wbem;C:\\Windows\\System32\\WindowsPowerShell\\v1.0\\;C:\\Program Files\\Intel\\Intel(R) Management Engine Components\\DAL;C:\\Program Files\\Intel\\Intel(R) Management Engine Components\\IPT;C:\\Program Files (x86)\\Intel\\Intel(R) Management Engine Components\\DAL;C:\\Program Files (x86)\\Intel\\Intel(R) Management Engine Components\\IPT;D:\\Program Files\\TortoiseSVN\\bin;E:\\phpStudy\\php\\php-5.6.27-nts;C:\\ProgramData\\ComposerSetup\\bin;D:\\Program Files (x86)\\JetBrains\\PhpStorm 2016.3.2\\bin;C:\\Program Files\\VanDyke Software\\Clients\\;C:\\Users\\369\\AppData\\Roaming\\Composer\\vendor\\bin'
    'PATHEXT' => '.COM;.EXE;.BAT;.CMD;.VBS;.VBE;.JS;.JSE;.WSF;.WSH;.MSC'
    'PROCESSOR_ARCHITECTURE' => 'x86'
    'PROCESSOR_ARCHITEW6432' => 'AMD64'
    'PROCESSOR_IDENTIFIER' => 'Intel64 Family 6 Model 60 Stepping 3, GenuineIntel'
    'PROCESSOR_LEVEL' => '6'
    'PROCESSOR_REVISION' => '3c03'
    'ProgramData' => 'C:\\ProgramData'
    'ProgramFiles' => 'C:\\Program Files (x86)'
    'ProgramFiles(x86)' => 'C:\\Program Files (x86)'
    'ProgramW6432' => 'C:\\Program Files'
    'PSModulePath' => 'C:\\Windows\\system32\\WindowsPowerShell\\v1.0\\Modules\\'
    'PUBLIC' => 'C:\\Users\\Public'
    'SESSIONNAME' => 'Console'
    'SystemDrive' => 'C:'
    'SystemRoot' => 'C:\\Windows'
    'TEMP' => 'C:\\Users\\369\\AppData\\Local\\Temp'
    'TMP' => 'C:\\Users\\369\\AppData\\Local\\Temp'
    'USERDOMAIN' => '6066-PC'
    'USERNAME' => '369'
    'USERPROFILE' => 'C:\\Users\\369'
    'windir' => 'C:\\Windows'
    'windows_tracing_flags' => '3'
    'windows_tracing_logfile' => 'C:\\BVTBin\\Tests\\installpackage\\csilogfile.log'
    'HTTP_COOKIE' => '_csrf=53850a15d06964edace707fc9d68743267c2e0e18dd392aeef6a729c1ac6b5b0a%3A2%3A%7Bi%3A0%3Bs%3A5%3A%22_csrf%22%3Bi%3A1%3Bs%3A32%3A%22HWZ-jw7RDuPwaosksgRg-NpoIwbUqTb8%22%3B%7D; PHPSESSID=q3calb3rtud5i6ti322lfeh4c2; _identity=3f7d0a89583913370af3d6406588c85ffafec6500647d37063de154a4cdf087ea%3A2%3A%7Bi%3A0%3Bs%3A9%3A%22_identity%22%3Bi%3A1%3Bs%3A46%3A%22%5B2%2C%22ySzxFhyeRhWu02gZNKn39rCb3jQPFJmX%22%2C2592000%5D%22%3B%7D'
    'HTTP_ACCEPT_LANGUAGE' => 'zh-CN,zh;q=0.8'
    'HTTP_ACCEPT_ENCODING' => 'gzip, deflate, sdch'
    'HTTP_REFERER' => 'http://demoyii.cc/index.php?r=site%2Findex'
    'HTTP_ACCEPT' => 'text/html,application/xhtml+xml,application/xml;q=0.9,image/webp,*/*;q=0.8'
    'HTTP_USER_AGENT' => 'Mozilla/5.0 (Windows NT 6.1; WOW64) AppleWebKit/537.36 (KHTML, like Gecko) Chrome/57.0.2987.133 Safari/537.36'
    'HTTP_UPGRADE_INSECURE_REQUESTS' => '1'
    'HTTP_CONNECTION' => 'keep-alive'
    'HTTP_HOST' => 'demoyii.cc'
    'REDIRECT_STATUS' => '200'
    'SERVER_NAME' => 'demoyii.cc'
    'SERVER_PORT' => '80'
    'SERVER_ADDR' => '127.0.0.1'
    'REMOTE_PORT' => '52133'
    'REMOTE_ADDR' => '127.0.0.1'
    'SERVER_SOFTWARE' => 'nginx/1.11.5'
    'GATEWAY_INTERFACE' => 'CGI/1.1'
    'SERVER_PROTOCOL' => 'HTTP/1.1'
    'DOCUMENT_ROOT' => 'E:/phpStudy/WWW/demo'
    'DOCUMENT_URI' => '/index.php'
    'REQUEST_URI' => '/index.php?r=user%2Fuser%2Findex'
    'SCRIPT_NAME' => '/index.php'
    'CONTENT_LENGTH' => ''
    'CONTENT_TYPE' => ''
    'REQUEST_METHOD' => 'GET'
    'QUERY_STRING' => 'r=user%2Fuser%2Findex'
    'SCRIPT_FILENAME' => 'E:/phpStudy/WWW/demo/index.php'
    'FCGI_ROLE' => 'RESPONDER'
    'PHP_SELF' => '/index.php'
    'REQUEST_TIME_FLOAT' => 1514513340.0813
    'REQUEST_TIME' => 1514513340
]
2017-12-29 10:09:00 [127.0.0.1][2][q3calb3rtud5i6ti322lfeh4c2][warning][yii\log\Dispatcher::dispatch] Unable to send log via yii\debug\LogTarget: Error: You cannot serialize or unserialize PDO instances
2017-12-29 10:09:00 [127.0.0.1][2][q3calb3rtud5i6ti322lfeh4c2][info][application] $_GET = [
    'r' => 'user/user/index'
]

$_COOKIE = [
    '_csrf' => '53850a15d06964edace707fc9d68743267c2e0e18dd392aeef6a729c1ac6b5b0a:2:{i:0;s:5:\"_csrf\";i:1;s:32:\"HWZ-jw7RDuPwaosksgRg-NpoIwbUqTb8\";}'
    'PHPSESSID' => 'q3calb3rtud5i6ti322lfeh4c2'
    '_identity' => '3f7d0a89583913370af3d6406588c85ffafec6500647d37063de154a4cdf087ea:2:{i:0;s:9:\"_identity\";i:1;s:46:\"[2,\"ySzxFhyeRhWu02gZNKn39rCb3jQPFJmX\",2592000]\";}'
]

$_SESSION = [
    '__flash' => []
    '__captcha/site/captchacount' => 2
    '__id' => 2
]

$_SERVER = [
    'ALLUSERSPROFILE' => 'C:\\ProgramData'
    'APPDATA' => 'C:\\Users\\369\\AppData\\Roaming'
    'CommonProgramFiles' => 'C:\\Program Files (x86)\\Common Files'
    'CommonProgramFiles(x86)' => 'C:\\Program Files (x86)\\Common Files'
    'CommonProgramW6432' => 'C:\\Program Files\\Common Files'
    'COMPUTERNAME' => '6066-PC'
    'ComSpec' => 'C:\\Windows\\system32\\cmd.exe'
    'FP_NO_HOST_CHECK' => 'NO'
    'HOMEDRIVE' => 'C:'
    'HOMEPATH' => '\\Users\\369'
    'LOCALAPPDATA' => 'C:\\Users\\369\\AppData\\Local'
    'LOGONSERVER' => '\\\\6066-PC'
    'NUMBER_OF_PROCESSORS' => '4'
    'OS' => 'Windows_NT'
    'Path' => 'C:\\Program Files (x86)\\Intel\\iCLS Client\\;C:\\Program Files\\Intel\\iCLS Client\\;C:\\Windows\\system32;C:\\Windows;C:\\Windows\\System32\\Wbem;C:\\Windows\\System32\\WindowsPowerShell\\v1.0\\;C:\\Program Files\\Intel\\Intel(R) Management Engine Components\\DAL;C:\\Program Files\\Intel\\Intel(R) Management Engine Components\\IPT;C:\\Program Files (x86)\\Intel\\Intel(R) Management Engine Components\\DAL;C:\\Program Files (x86)\\Intel\\Intel(R) Management Engine Components\\IPT;D:\\Program Files\\TortoiseSVN\\bin;E:\\phpStudy\\php\\php-5.6.27-nts;C:\\ProgramData\\ComposerSetup\\bin;D:\\Program Files (x86)\\JetBrains\\PhpStorm 2016.3.2\\bin;C:\\Program Files\\VanDyke Software\\Clients\\;C:\\Users\\369\\AppData\\Roaming\\Composer\\vendor\\bin'
    'PATHEXT' => '.COM;.EXE;.BAT;.CMD;.VBS;.VBE;.JS;.JSE;.WSF;.WSH;.MSC'
    'PROCESSOR_ARCHITECTURE' => 'x86'
    'PROCESSOR_ARCHITEW6432' => 'AMD64'
    'PROCESSOR_IDENTIFIER' => 'Intel64 Family 6 Model 60 Stepping 3, GenuineIntel'
    'PROCESSOR_LEVEL' => '6'
    'PROCESSOR_REVISION' => '3c03'
    'ProgramData' => 'C:\\ProgramData'
    'ProgramFiles' => 'C:\\Program Files (x86)'
    'ProgramFiles(x86)' => 'C:\\Program Files (x86)'
    'ProgramW6432' => 'C:\\Program Files'
    'PSModulePath' => 'C:\\Windows\\system32\\WindowsPowerShell\\v1.0\\Modules\\'
    'PUBLIC' => 'C:\\Users\\Public'
    'SESSIONNAME' => 'Console'
    'SystemDrive' => 'C:'
    'SystemRoot' => 'C:\\Windows'
    'TEMP' => 'C:\\Users\\369\\AppData\\Local\\Temp'
    'TMP' => 'C:\\Users\\369\\AppData\\Local\\Temp'
    'USERDOMAIN' => '6066-PC'
    'USERNAME' => '369'
    'USERPROFILE' => 'C:\\Users\\369'
    'windir' => 'C:\\Windows'
    'windows_tracing_flags' => '3'
    'windows_tracing_logfile' => 'C:\\BVTBin\\Tests\\installpackage\\csilogfile.log'
    'HTTP_COOKIE' => '_csrf=53850a15d06964edace707fc9d68743267c2e0e18dd392aeef6a729c1ac6b5b0a%3A2%3A%7Bi%3A0%3Bs%3A5%3A%22_csrf%22%3Bi%3A1%3Bs%3A32%3A%22HWZ-jw7RDuPwaosksgRg-NpoIwbUqTb8%22%3B%7D; PHPSESSID=q3calb3rtud5i6ti322lfeh4c2; _identity=3f7d0a89583913370af3d6406588c85ffafec6500647d37063de154a4cdf087ea%3A2%3A%7Bi%3A0%3Bs%3A9%3A%22_identity%22%3Bi%3A1%3Bs%3A46%3A%22%5B2%2C%22ySzxFhyeRhWu02gZNKn39rCb3jQPFJmX%22%2C2592000%5D%22%3B%7D'
    'HTTP_ACCEPT_LANGUAGE' => 'zh-CN,zh;q=0.8'
    'HTTP_ACCEPT_ENCODING' => 'gzip, deflate, sdch'
    'HTTP_REFERER' => 'http://demoyii.cc/index.php?r=site%2Findex'
    'HTTP_ACCEPT' => 'text/html,application/xhtml+xml,application/xml;q=0.9,image/webp,*/*;q=0.8'
    'HTTP_USER_AGENT' => 'Mozilla/5.0 (Windows NT 6.1; WOW64) AppleWebKit/537.36 (KHTML, like Gecko) Chrome/57.0.2987.133 Safari/537.36'
    'HTTP_UPGRADE_INSECURE_REQUESTS' => '1'
    'HTTP_CONNECTION' => 'keep-alive'
    'HTTP_HOST' => 'demoyii.cc'
    'REDIRECT_STATUS' => '200'
    'SERVER_NAME' => 'demoyii.cc'
    'SERVER_PORT' => '80'
    'SERVER_ADDR' => '127.0.0.1'
    'REMOTE_PORT' => '52133'
    'REMOTE_ADDR' => '127.0.0.1'
    'SERVER_SOFTWARE' => 'nginx/1.11.5'
    'GATEWAY_INTERFACE' => 'CGI/1.1'
    'SERVER_PROTOCOL' => 'HTTP/1.1'
    'DOCUMENT_ROOT' => 'E:/phpStudy/WWW/demo'
    'DOCUMENT_URI' => '/index.php'
    'REQUEST_URI' => '/index.php?r=user%2Fuser%2Findex'
    'SCRIPT_NAME' => '/index.php'
    'CONTENT_LENGTH' => ''
    'CONTENT_TYPE' => ''
    'REQUEST_METHOD' => 'GET'
    'QUERY_STRING' => 'r=user%2Fuser%2Findex'
    'SCRIPT_FILENAME' => 'E:/phpStudy/WWW/demo/index.php'
    'FCGI_ROLE' => 'RESPONDER'
    'PHP_SELF' => '/index.php'
    'REQUEST_TIME_FLOAT' => 1514513340.0813
    'REQUEST_TIME' => 1514513340
]
